nohup: node: No such file or directory
Thu, 16 Jun 2016 16:18:28 GMT express deprecated res.send(status): Use res.sendStatus(status) instead at sonosifttt.js:112:9
resubscribing to sid uuid:RINCON_5CAAFD02154E01400_sub0000000801 failed { Error: Precondition Failed
    at ClientRequest.http.request (/Users/johan/goosebuster/sonosifttt/node_modules/sonos-discovery/lib/helpers/request.js:22:21)
    at ClientRequest.g (events.js:286:16)
    at emitOne (events.js:96:13)
    at ClientRequest.emit (events.js:188:7)
    at HTTPParser.parserOnIncomingClient [as onIncoming] (_http_client.js:469:21)
    at HTTPParser.parserOnHeadersComplete (_http_common.js:105:23)
    at Socket.socketOnData (_http_client.js:359:20)
    at emitOne (events.js:96:13)
    at Socket.emit (events.js:188:7)
    at readableAddChunk (_stream_readable.js:172:18)
    at Socket.Readable.push (_stream_readable.js:130:10)
    at TCP.onread (net.js:542:20) statusCode: 412 }
resubscribing to sid uuid:RINCON_000E58A2DCF601400_sub0000000803 failed { Error: Precondition Failed
    at ClientRequest.http.request (/Users/johan/goosebuster/sonosifttt/node_modules/sonos-discovery/lib/helpers/request.js:22:21)
    at ClientRequest.g (events.js:286:16)
    at emitOne (events.js:96:13)
    at ClientRequest.emit (events.js:188:7)
    at HTTPParser.parserOnIncomingClient [as onIncoming] (_http_client.js:469:21)
    at HTTPParser.parserOnHeadersComplete (_http_common.js:105:23)
    at Socket.socketOnData (_http_client.js:359:20)
    at emitOne (events.js:96:13)
    at Socket.emit (events.js:188:7)
    at readableAddChunk (_stream_readable.js:172:18)
    at Socket.Readable.push (_stream_readable.js:130:10)
    at TCP.onread (net.js:542:20) statusCode: 412 }
resubscribing to sid uuid:RINCON_5CAAFD02154E01400_sub0000000804 failed { Error: Precondition Failed
    at ClientRequest.http.request (/Users/johan/goosebuster/sonosifttt/node_modules/sonos-discovery/lib/helpers/request.js:22:21)
    at ClientRequest.g (events.js:286:16)
    at emitOne (events.js:96:13)
    at ClientRequest.emit (events.js:188:7)
    at HTTPParser.parserOnIncomingClient [as onIncoming] (_http_client.js:469:21)
    at HTTPParser.parserOnHeadersComplete (_http_common.js:105:23)
    at Socket.socketOnData (_http_client.js:359:20)
    at emitOne (events.js:96:13)
    at Socket.emit (events.js:188:7)
    at readableAddChunk (_stream_readable.js:172:18)
    at Socket.Readable.push (_stream_readable.js:130:10)
    at TCP.onread (net.js:542:20) statusCode: 412 }
resubscribing to sid uuid:RINCON_5CAAFD02154E01400_sub0000000803 failed { Error: Precondition Failed
    at ClientRequest.http.request (/Users/johan/goosebuster/sonosifttt/node_modules/sonos-discovery/lib/helpers/request.js:22:21)
    at ClientRequest.g (events.js:286:16)
    at emitOne (events.js:96:13)
    at ClientRequest.emit (events.js:188:7)
    at HTTPParser.parserOnIncomingClient [as onIncoming] (_http_client.js:469:21)
    at HTTPParser.parserOnHeadersComplete (_http_common.js:105:23)
    at Socket.socketOnData (_http_client.js:359:20)
    at emitOne (events.js:96:13)
    at Socket.emit (events.js:188:7)
    at readableAddChunk (_stream_readable.js:172:18)
    at Socket.Readable.push (_stream_readable.js:130:10)
    at TCP.onread (net.js:542:20) statusCode: 412 }
resubscribing to sid uuid:RINCON_5CAAFD02154E01400_sub0000000802 failed { Error: Precondition Failed
    at ClientRequest.http.request (/Users/johan/goosebuster/sonosifttt/node_modules/sonos-discovery/lib/helpers/request.js:22:21)
    at ClientRequest.g (events.js:286:16)
    at emitOne (events.js:96:13)
    at ClientRequest.emit (events.js:188:7)
    at HTTPParser.parserOnIncomingClient [as onIncoming] (_http_client.js:469:21)
    at HTTPParser.parserOnHeadersComplete (_http_common.js:105:23)
    at Socket.socketOnData (_http_client.js:359:20)
    at emitOne (events.js:96:13)
    at Socket.emit (events.js:188:7)
    at readableAddChunk (_stream_readable.js:172:18)
    at Socket.Readable.push (_stream_readable.js:130:10)
    at TCP.onread (net.js:542:20) statusCode: 412 }
resubscribing to sid uuid:RINCON_000E58F3F3F001400_sub0000000592 failed { Error: Precondition Failed
    at ClientRequest.http.request (/Users/johan/goosebuster/sonosifttt/node_modules/sonos-discovery/lib/helpers/request.js:22:21)
    at ClientRequest.g (events.js:286:16)
    at emitOne (events.js:96:13)
    at ClientRequest.emit (events.js:188:7)
    at HTTPParser.parserOnIncomingClient [as onIncoming] (_http_client.js:469:21)
    at HTTPParser.parserOnHeadersComplete (_http_common.js:105:23)
    at Socket.socketOnData (_http_client.js:359:20)
    at emitOne (events.js:96:13)
    at Socket.emit (events.js:188:7)
    at readableAddChunk (_stream_readable.js:172:18)
    at Socket.Readable.push (_stream_readable.js:130:10)
    at TCP.onread (net.js:542:20) statusCode: 412 }
resubscribing to sid uuid:RINCON_000E58A2DCF601400_sub0000000802 failed { Error: Precondition Failed
    at ClientRequest.http.request (/Users/johan/goosebuster/sonosifttt/node_modules/sonos-discovery/lib/helpers/request.js:22:21)
    at ClientRequest.g (events.js:286:16)
    at emitOne (events.js:96:13)
    at ClientRequest.emit (events.js:188:7)
    at HTTPParser.parserOnIncomingClient [as onIncoming] (_http_client.js:469:21)
    at HTTPParser.parserOnHeadersComplete (_http_common.js:105:23)
    at Socket.socketOnData (_http_client.js:359:20)
    at emitOne (events.js:96:13)
    at Socket.emit (events.js:188:7)
    at readableAddChunk (_stream_readable.js:172:18)
    at Socket.Readable.push (_stream_readable.js:130:10)
    at TCP.onread (net.js:542:20) statusCode: 412 }
resubscribing to sid uuid:RINCON_000E58A2DCF601400_sub0000000804 failed { Error: Precondition Failed
    at ClientRequest.http.request (/Users/johan/goosebuster/sonosifttt/node_modules/sonos-discovery/lib/helpers/request.js:22:21)
    at ClientRequest.g (events.js:286:16)
    at emitOne (events.js:96:13)
    at ClientRequest.emit (events.js:188:7)
    at HTTPParser.parserOnIncomingClient [as onIncoming] (_http_client.js:469:21)
    at HTTPParser.parserOnHeadersComplete (_http_common.js:105:23)
    at Socket.socketOnData (_http_client.js:359:20)
    at emitOne (events.js:96:13)
    at Socket.emit (events.js:188:7)
    at readableAddChunk (_stream_readable.js:172:18)
    at Socket.Readable.push (_stream_readable.js:130:10)
    at TCP.onread (net.js:542:20) statusCode: 412 }
resubscribing to sid uuid:RINCON_000E58F3F3F001400_sub0000000590 failed { Error: Precondition Failed
    at ClientRequest.http.request (/Users/johan/goosebuster/sonosifttt/node_modules/sonos-discovery/lib/helpers/request.js:22:21)
    at ClientRequest.g (events.js:286:16)
    at emitOne (events.js:96:13)
    at ClientRequest.emit (events.js:188:7)
    at HTTPParser.parserOnIncomingClient [as onIncoming] (_http_client.js:469:21)
    at HTTPParser.parserOnHeadersComplete (_http_common.js:105:23)
    at Socket.socketOnData (_http_client.js:359:20)
    at emitOne (events.js:96:13)
    at Socket.emit (events.js:188:7)
    at readableAddChunk (_stream_readable.js:172:18)
    at Socket.Readable.push (_stream_readable.js:130:10)
    at TCP.onread (net.js:542:20) statusCode: 412 }
resubscribing to sid uuid:RINCON_000E58F3F3F001400_sub0000000591 failed { Error: Precondition Failed
    at ClientRequest.http.request (/Users/johan/goosebuster/sonosifttt/node_modules/sonos-discovery/lib/helpers/request.js:22:21)
    at ClientRequest.g (events.js:286:16)
    at emitOne (events.js:96:13)
    at ClientRequest.emit (events.js:188:7)
    at HTTPParser.parserOnIncomingClient [as onIncoming] (_http_client.js:469:21)
    at HTTPParser.parserOnHeadersComplete (_http_common.js:105:23)
    at Socket.socketOnData (_http_client.js:359:20)
    at emitOne (events.js:96:13)
    at Socket.emit (events.js:188:7)
    at readableAddChunk (_stream_readable.js:172:18)
    at Socket.Readable.push (_stream_readable.js:130:10)
    at TCP.onread (net.js:542:20) statusCode: 412 }
resubscribing to sid uuid:RINCON_5CAAFD02154E01400_sub0000000837 failed { Error: connect ENETDOWN 192.168.1.114:1400 - Local (192.168.1.120:55179)
    at Object.exports._errnoException (util.js:1007:11)
    at exports._exceptionWithHostPort (util.js:1030:20)
    at connect (net.js:873:16)
    at net.js:963:9
    at _combinedTickCallback (internal/process/next_tick.js:67:7)
    at process._tickCallback (internal/process/next_tick.js:98:9)
  code: 'ENETDOWN',
  errno: 'ENETDOWN',
  syscall: 'connect',
  address: '192.168.1.114',
  port: 1400 }
resubscribing to sid uuid:RINCON_000E58A2DCF601400_sub0000000832 failed { Error: connect ENETDOWN 192.168.1.193:1400 - Local (192.168.1.120:55180)
    at Object.exports._errnoException (util.js:1007:11)
    at exports._exceptionWithHostPort (util.js:1030:20)
    at connect (net.js:873:16)
    at net.js:963:9
    at _combinedTickCallback (internal/process/next_tick.js:67:7)
    at process._tickCallback (internal/process/next_tick.js:98:9)
  code: 'ENETDOWN',
  errno: 'ENETDOWN',
  syscall: 'connect',
  address: '192.168.1.193',
  port: 1400 }
resubscribing to sid uuid:RINCON_000E58A2DCF601400_sub0000000833 failed { Error: connect ENETDOWN 192.168.1.193:1400 - Local (192.168.1.120:55181)
    at Object.exports._errnoException (util.js:1007:11)
    at exports._exceptionWithHostPort (util.js:1030:20)
    at connect (net.js:873:16)
    at net.js:963:9
    at _combinedTickCallback (internal/process/next_tick.js:67:7)
    at process._tickCallback (internal/process/next_tick.js:98:9)
  code: 'ENETDOWN',
  errno: 'ENETDOWN',
  syscall: 'connect',
  address: '192.168.1.193',
  port: 1400 }
resubscribing to sid uuid:RINCON_000E58F3F3F001400_sub0000000621 failed { Error: connect ENETDOWN 192.168.1.140:1400 - Local (192.168.1.120:55182)
    at Object.exports._errnoException (util.js:1007:11)
    at exports._exceptionWithHostPort (util.js:1030:20)
    at connect (net.js:873:16)
    at net.js:963:9
    at _combinedTickCallback (internal/process/next_tick.js:67:7)
    at process._tickCallback (internal/process/next_tick.js:98:9)
  code: 'ENETDOWN',
  errno: 'ENETDOWN',
  syscall: 'connect',
  address: '192.168.1.140',
  port: 1400 }
resubscribing to sid uuid:RINCON_000E58F3F3F001400_sub0000000620 failed { Error: connect ENETDOWN 192.168.1.140:1400 - Local (192.168.1.120:55183)
    at Object.exports._errnoException (util.js:1007:11)
    at exports._exceptionWithHostPort (util.js:1030:20)
    at connect (net.js:873:16)
    at net.js:963:9
    at _combinedTickCallback (internal/process/next_tick.js:67:7)
    at process._tickCallback (internal/process/next_tick.js:98:9)
  code: 'ENETDOWN',
  errno: 'ENETDOWN',
  syscall: 'connect',
  address: '192.168.1.140',
  port: 1400 }
resubscribing to sid uuid:RINCON_000E58A2DCF601400_sub0000000831 failed { Error: Precondition Failed
    at ClientRequest.http.request (/Users/johan/goosebuster/sonosifttt/node_modules/sonos-discovery/lib/helpers/request.js:22:21)
    at ClientRequest.g (events.js:286:16)
    at emitOne (events.js:96:13)
    at ClientRequest.emit (events.js:188:7)
    at HTTPParser.parserOnIncomingClient [as onIncoming] (_http_client.js:469:21)
    at HTTPParser.parserOnHeadersComplete (_http_common.js:105:23)
    at Socket.socketOnData (_http_client.js:359:20)
    at emitOne (events.js:96:13)
    at Socket.emit (events.js:188:7)
    at readableAddChunk (_stream_readable.js:172:18)
    at Socket.Readable.push (_stream_readable.js:130:10)
    at TCP.onread (net.js:542:20) statusCode: 412 }
resubscribing to sid uuid:RINCON_5CAAFD02154E01400_sub0000000839 failed { Error: Precondition Failed
    at ClientRequest.http.request (/Users/johan/goosebuster/sonosifttt/node_modules/sonos-discovery/lib/helpers/request.js:22:21)
    at ClientRequest.g (events.js:286:16)
    at emitOne (events.js:96:13)
    at ClientRequest.emit (events.js:188:7)
    at HTTPParser.parserOnIncomingClient [as onIncoming] (_http_client.js:469:21)
    at HTTPParser.parserOnHeadersComplete (_http_common.js:105:23)
    at Socket.socketOnData (_http_client.js:359:20)
    at emitOne (events.js:96:13)
    at Socket.emit (events.js:188:7)
    at readableAddChunk (_stream_readable.js:172:18)
    at Socket.Readable.push (_stream_readable.js:130:10)
    at TCP.onread (net.js:542:20) statusCode: 412 }
resubscribing to sid uuid:RINCON_000E58F3F3F001400_sub0000000619 failed { Error: Precondition Failed
    at ClientRequest.http.request (/Users/johan/goosebuster/sonosifttt/node_modules/sonos-discovery/lib/helpers/request.js:22:21)
    at ClientRequest.g (events.js:286:16)
    at emitOne (events.js:96:13)
    at ClientRequest.emit (events.js:188:7)
    at HTTPParser.parserOnIncomingClient [as onIncoming] (_http_client.js:469:21)
    at HTTPParser.parserOnHeadersComplete (_http_common.js:105:23)
    at Socket.socketOnData (_http_client.js:359:20)
    at emitOne (events.js:96:13)
    at Socket.emit (events.js:188:7)
    at readableAddChunk (_stream_readable.js:172:18)
    at Socket.Readable.push (_stream_readable.js:130:10)
    at TCP.onread (net.js:542:20) statusCode: 412 }
resubscribing to sid uuid:RINCON_5CAAFD02154E01400_sub0000000840 failed { Error: Precondition Failed
    at ClientRequest.http.request (/Users/johan/goosebuster/sonosifttt/node_modules/sonos-discovery/lib/helpers/request.js:22:21)
    at ClientRequest.g (events.js:286:16)
    at emitOne (events.js:96:13)
    at ClientRequest.emit (events.js:188:7)
    at HTTPParser.parserOnIncomingClient [as onIncoming] (_http_client.js:469:21)
    at HTTPParser.parserOnHeadersComplete (_http_common.js:105:23)
    at Socket.socketOnData (_http_client.js:359:20)
    at emitOne (events.js:96:13)
    at Socket.emit (events.js:188:7)
    at readableAddChunk (_stream_readable.js:172:18)
    at Socket.Readable.push (_stream_readable.js:130:10)
    at TCP.onread (net.js:542:20) statusCode: 412 }
resubscribing to sid uuid:RINCON_5CAAFD02154E01400_sub0000000838 failed { Error: Precondition Failed
    at ClientRequest.http.request (/Users/johan/goosebuster/sonosifttt/node_modules/sonos-discovery/lib/helpers/request.js:22:21)
    at ClientRequest.g (events.js:286:16)
    at emitOne (events.js:96:13)
    at ClientRequest.emit (events.js:188:7)
    at HTTPParser.parserOnIncomingClient [as onIncoming] (_http_client.js:469:21)
    at HTTPParser.parserOnHeadersComplete (_http_common.js:105:23)
    at Socket.socketOnData (_http_client.js:359:20)
    at emitOne (events.js:96:13)
    at Socket.emit (events.js:188:7)
    at readableAddChunk (_stream_readable.js:172:18)
    at Socket.Readable.push (_stream_readable.js:130:10)
    at TCP.onread (net.js:542:20) statusCode: 412 }
resubscribing to sid uuid:RINCON_000E58A2DCF601400_sub0000000834 failed { Error: Precondition Failed
    at ClientRequest.http.request (/Users/johan/goosebuster/sonosifttt/node_modules/sonos-discovery/lib/helpers/request.js:22:21)
    at ClientRequest.g (events.js:286:16)
    at emitOne (events.js:96:13)
    at ClientRequest.emit (events.js:188:7)
    at HTTPParser.parserOnIncomingClient [as onIncoming] (_http_client.js:469:21)
    at HTTPParser.parserOnHeadersComplete (_http_common.js:105:23)
    at Socket.socketOnData (_http_client.js:359:20)
    at emitOne (events.js:96:13)
    at Socket.emit (events.js:188:7)
    at readableAddChunk (_stream_readable.js:172:18)
    at Socket.Readable.push (_stream_readable.js:130:10)
    at TCP.onread (net.js:542:20) statusCode: 412 }
resubscribing to sid uuid:RINCON_000E58A2DCF601400_sub0000000835 failed { Error: Precondition Failed
    at ClientRequest.http.request (/Users/johan/goosebuster/sonosifttt/node_modules/sonos-discovery/lib/helpers/request.js:22:21)
    at ClientRequest.g (events.js:286:16)
    at emitOne (events.js:96:13)
    at ClientRequest.emit (events.js:188:7)
    at HTTPParser.parserOnIncomingClient [as onIncoming] (_http_client.js:469:21)
    at HTTPParser.parserOnHeadersComplete (_http_common.js:105:23)
    at Socket.socketOnData (_http_client.js:359:20)
    at emitOne (events.js:96:13)
    at Socket.emit (events.js:188:7)
    at readableAddChunk (_stream_readable.js:172:18)
    at Socket.Readable.push (_stream_readable.js:130:10)
    at TCP.onread (net.js:542:20) statusCode: 412 }
resubscribing to sid uuid:RINCON_5CAAFD02154E01400_sub0000000841 failed { Error: Precondition Failed
    at ClientRequest.http.request (/Users/johan/goosebuster/sonosifttt/node_modules/sonos-discovery/lib/helpers/request.js:22:21)
    at ClientRequest.g (events.js:286:16)
    at emitOne (events.js:96:13)
    at ClientRequest.emit (events.js:188:7)
    at HTTPParser.parserOnIncomingClient [as onIncoming] (_http_client.js:469:21)
    at HTTPParser.parserOnHeadersComplete (_http_common.js:105:23)
    at Socket.socketOnData (_http_client.js:359:20)
    at emitOne (events.js:96:13)
    at Socket.emit (events.js:188:7)
    at readableAddChunk (_stream_readable.js:172:18)
    at Socket.Readable.push (_stream_readable.js:130:10)
    at TCP.onread (net.js:542:20) statusCode: 412 }
resubscribing to sid uuid:RINCON_000E58F3F3F001400_sub0000000622 failed { Error: Precondition Failed
    at ClientRequest.http.request (/Users/johan/goosebuster/sonosifttt/node_modules/sonos-discovery/lib/helpers/request.js:22:21)
    at ClientRequest.g (events.js:286:16)
    at emitOne (events.js:96:13)
    at ClientRequest.emit (events.js:188:7)
    at HTTPParser.parserOnIncomingClient [as onIncoming] (_http_client.js:469:21)
    at HTTPParser.parserOnHeadersComplete (_http_common.js:105:23)
    at Socket.socketOnData (_http_client.js:359:20)
    at emitOne (events.js:96:13)
    at Socket.emit (events.js:188:7)
    at readableAddChunk (_stream_readable.js:172:18)
    at Socket.Readable.push (_stream_readable.js:130:10)
    at TCP.onread (net.js:542:20) statusCode: 412 }
resubscribing to sid uuid:RINCON_000E58F3F3F001400_sub0000000623 failed { Error: Precondition Failed
    at ClientRequest.http.request (/Users/johan/goosebuster/sonosifttt/node_modules/sonos-discovery/lib/helpers/request.js:22:21)
    at ClientRequest.g (events.js:286:16)
    at emitOne (events.js:96:13)
    at ClientRequest.emit (events.js:188:7)
    at HTTPParser.parserOnIncomingClient [as onIncoming] (_http_client.js:469:21)
    at HTTPParser.parserOnHeadersComplete (_http_common.js:105:23)
    at Socket.socketOnData (_http_client.js:359:20)
    at emitOne (events.js:96:13)
    at Socket.emit (events.js:188:7)
    at readableAddChunk (_stream_readable.js:172:18)
    at Socket.Readable.push (_stream_readable.js:130:10)
    at TCP.onread (net.js:542:20) statusCode: 412 }
resubscribing to sid uuid:RINCON_000E58A2DCF601400_sub0000000836 failed { Error: Precondition Failed
    at ClientRequest.http.request (/Users/johan/goosebuster/sonosifttt/node_modules/sonos-discovery/lib/helpers/request.js:22:21)
    at ClientRequest.g (events.js:286:16)
    at emitOne (events.js:96:13)
    at ClientRequest.emit (events.js:188:7)
    at HTTPParser.parserOnIncomingClient [as onIncoming] (_http_client.js:469:21)
    at HTTPParser.parserOnHeadersComplete (_http_common.js:105:23)
    at Socket.socketOnData (_http_client.js:359:20)
    at emitOne (events.js:96:13)
    at Socket.emit (events.js:188:7)
    at readableAddChunk (_stream_readable.js:172:18)
    at Socket.Readable.push (_stream_readable.js:130:10)
    at TCP.onread (net.js:542:20) statusCode: 412 }
resubscribing to sid uuid:RINCON_5CAAFD02154E01400_sub0000000842 failed { Error: Precondition Failed
    at ClientRequest.http.request (/Users/johan/goosebuster/sonosifttt/node_modules/sonos-discovery/lib/helpers/request.js:22:21)
    at ClientRequest.g (events.js:286:16)
    at emitOne (events.js:96:13)
    at ClientRequest.emit (events.js:188:7)
    at HTTPParser.parserOnIncomingClient [as onIncoming] (_http_client.js:469:21)
    at HTTPParser.parserOnHeadersComplete (_http_common.js:105:23)
    at Socket.socketOnData (_http_client.js:359:20)
    at emitOne (events.js:96:13)
    at Socket.emit (events.js:188:7)
    at readableAddChunk (_stream_readable.js:172:18)
    at Socket.Readable.push (_stream_readable.js:130:10)
    at TCP.onread (net.js:542:20) statusCode: 412 }
resubscribing to sid uuid:RINCON_000E58F3F3F001400_sub0000000624 failed { Error: Precondition Failed
    at ClientRequest.http.request (/Users/johan/goosebuster/sonosifttt/node_modules/sonos-discovery/lib/helpers/request.js:22:21)
    at ClientRequest.g (events.js:286:16)
    at emitOne (events.js:96:13)
    at ClientRequest.emit (events.js:188:7)
    at HTTPParser.parserOnIncomingClient [as onIncoming] (_http_client.js:469:21)
    at HTTPParser.parserOnHeadersComplete (_http_common.js:105:23)
    at Socket.socketOnData (_http_client.js:359:20)
    at emitOne (events.js:96:13)
    at Socket.emit (events.js:188:7)
    at readableAddChunk (_stream_readable.js:172:18)
    at Socket.Readable.push (_stream_readable.js:130:10)
    at TCP.onread (net.js:542:20) statusCode: 412 }
resubscribing to sid uuid:RINCON_5CAAFD02154E01400_sub0000000843 failed { Error: Precondition Failed
    at ClientRequest.http.request (/Users/johan/goosebuster/sonosifttt/node_modules/sonos-discovery/lib/helpers/request.js:22:21)
    at ClientRequest.g (events.js:286:16)
    at emitOne (events.js:96:13)
    at ClientRequest.emit (events.js:188:7)
    at HTTPParser.parserOnIncomingClient [as onIncoming] (_http_client.js:469:21)
    at HTTPParser.parserOnHeadersComplete (_http_common.js:105:23)
    at Socket.socketOnData (_http_client.js:359:20)
    at emitOne (events.js:96:13)
    at Socket.emit (events.js:188:7)
    at readableAddChunk (_stream_readable.js:172:18)
    at Socket.Readable.push (_stream_readable.js:130:10)
    at TCP.onread (net.js:542:20) statusCode: 412 }
resubscribing to sid uuid:RINCON_5CAAFD02154E01400_sub0000000844 failed { Error: Precondition Failed
    at ClientRequest.http.request (/Users/johan/goosebuster/sonosifttt/node_modules/sonos-discovery/lib/helpers/request.js:22:21)
    at ClientRequest.g (events.js:286:16)
    at emitOne (events.js:96:13)
    at ClientRequest.emit (events.js:188:7)
    at HTTPParser.parserOnIncomingClient [as onIncoming] (_http_client.js:469:21)
    at HTTPParser.parserOnHeadersComplete (_http_common.js:105:23)
    at Socket.socketOnData (_http_client.js:359:20)
    at emitOne (events.js:96:13)
    at Socket.emit (events.js:188:7)
    at readableAddChunk (_stream_readable.js:172:18)
    at Socket.Readable.push (_stream_readable.js:130:10)
    at TCP.onread (net.js:542:20) statusCode: 412 }
resubscribing to sid uuid:RINCON_000E58A2DCF601400_sub0000000837 failed { Error: Precondition Failed
    at ClientRequest.http.request (/Users/johan/goosebuster/sonosifttt/node_modules/sonos-discovery/lib/helpers/request.js:22:21)
    at ClientRequest.g (events.js:286:16)
    at emitOne (events.js:96:13)
    at ClientRequest.emit (events.js:188:7)
    at HTTPParser.parserOnIncomingClient [as onIncoming] (_http_client.js:469:21)
    at HTTPParser.parserOnHeadersComplete (_http_common.js:105:23)
    at Socket.socketOnData (_http_client.js:359:20)
    at emitOne (events.js:96:13)
    at Socket.emit (events.js:188:7)
    at readableAddChunk (_stream_readable.js:172:18)
    at Socket.Readable.push (_stream_readable.js:130:10)
    at TCP.onread (net.js:542:20) statusCode: 412 }
resubscribing to sid uuid:RINCON_5CAAFD02154E01400_sub0000000845 failed { Error: Precondition Failed
    at ClientRequest.http.request (/Users/johan/goosebuster/sonosifttt/node_modules/sonos-discovery/lib/helpers/request.js:22:21)
    at ClientRequest.g (events.js:286:16)
    at emitOne (events.js:96:13)
    at ClientRequest.emit (events.js:188:7)
    at HTTPParser.parserOnIncomingClient [as onIncoming] (_http_client.js:469:21)
    at HTTPParser.parserOnHeadersComplete (_http_common.js:105:23)
    at Socket.socketOnData (_http_client.js:359:20)
    at emitOne (events.js:96:13)
    at Socket.emit (events.js:188:7)
    at readableAddChunk (_stream_readable.js:172:18)
    at Socket.Readable.push (_stream_readable.js:130:10)
    at TCP.onread (net.js:542:20) statusCode: 412 }
resubscribing to sid uuid:RINCON_000E58A2DCF601400_sub0000000838 failed { Error: Precondition Failed
    at ClientRequest.http.request (/Users/johan/goosebuster/sonosifttt/node_modules/sonos-discovery/lib/helpers/request.js:22:21)
    at ClientRequest.g (events.js:286:16)
    at emitOne (events.js:96:13)
    at ClientRequest.emit (events.js:188:7)
    at HTTPParser.parserOnIncomingClient [as onIncoming] (_http_client.js:469:21)
    at HTTPParser.parserOnHeadersComplete (_http_common.js:105:23)
    at Socket.socketOnData (_http_client.js:359:20)
    at emitOne (events.js:96:13)
    at Socket.emit (events.js:188:7)
    at readableAddChunk (_stream_readable.js:172:18)
    at Socket.Readable.push (_stream_readable.js:130:10)
    at TCP.onread (net.js:542:20) statusCode: 412 }
resubscribing to sid uuid:RINCON_000E58F3F3F001400_sub0000000626 failed { Error: Precondition Failed
    at ClientRequest.http.request (/Users/johan/goosebuster/sonosifttt/node_modules/sonos-discovery/lib/helpers/request.js:22:21)
    at ClientRequest.g (events.js:286:16)
    at emitOne (events.js:96:13)
    at ClientRequest.emit (events.js:188:7)
    at HTTPParser.parserOnIncomingClient [as onIncoming] (_http_client.js:469:21)
    at HTTPParser.parserOnHeadersComplete (_http_common.js:105:23)
    at Socket.socketOnData (_http_client.js:359:20)
    at emitOne (events.js:96:13)
    at Socket.emit (events.js:188:7)
    at readableAddChunk (_stream_readable.js:172:18)
    at Socket.Readable.push (_stream_readable.js:130:10)
    at TCP.onread (net.js:542:20) statusCode: 412 }
resubscribing to sid uuid:RINCON_000E58F3F3F001400_sub0000000625 failed { Error: Precondition Failed
    at ClientRequest.http.request (/Users/johan/goosebuster/sonosifttt/node_modules/sonos-discovery/lib/helpers/request.js:22:21)
    at ClientRequest.g (events.js:286:16)
    at emitOne (events.js:96:13)
    at ClientRequest.emit (events.js:188:7)
    at HTTPParser.parserOnIncomingClient [as onIncoming] (_http_client.js:469:21)
    at HTTPParser.parserOnHeadersComplete (_http_common.js:105:23)
    at Socket.socketOnData (_http_client.js:359:20)
    at emitOne (events.js:96:13)
    at Socket.emit (events.js:188:7)
    at readableAddChunk (_stream_readable.js:172:18)
    at Socket.Readable.push (_stream_readable.js:130:10)
    at TCP.onread (net.js:542:20) statusCode: 412 }
resubscribing to sid uuid:RINCON_000E58A2DCF601400_sub0000000839 failed { Error: Precondition Failed
    at ClientRequest.http.request (/Users/johan/goosebuster/sonosifttt/node_modules/sonos-discovery/lib/helpers/request.js:22:21)
    at ClientRequest.g (events.js:286:16)
    at emitOne (events.js:96:13)
    at ClientRequest.emit (events.js:188:7)
    at HTTPParser.parserOnIncomingClient [as onIncoming] (_http_client.js:469:21)
    at HTTPParser.parserOnHeadersComplete (_http_common.js:105:23)
    at Socket.socketOnData (_http_client.js:359:20)
    at emitOne (events.js:96:13)
    at Socket.emit (events.js:188:7)
    at readableAddChunk (_stream_readable.js:172:18)
    at Socket.Readable.push (_stream_readable.js:130:10)
    at TCP.onread (net.js:542:20) statusCode: 412 }
resubscribing to sid uuid:RINCON_5CAAFD02154E01400_sub0000000846 failed { Error: Precondition Failed
    at ClientRequest.http.request (/Users/johan/goosebuster/sonosifttt/node_modules/sonos-discovery/lib/helpers/request.js:22:21)
    at ClientRequest.g (events.js:286:16)
    at emitOne (events.js:96:13)
    at ClientRequest.emit (events.js:188:7)
    at HTTPParser.parserOnIncomingClient [as onIncoming] (_http_client.js:469:21)
    at HTTPParser.parserOnHeadersComplete (_http_common.js:105:23)
    at Socket.socketOnData (_http_client.js:359:20)
    at emitOne (events.js:96:13)
    at Socket.emit (events.js:188:7)
    at readableAddChunk (_stream_readable.js:172:18)
    at Socket.Readable.push (_stream_readable.js:130:10)
    at TCP.onread (net.js:542:20) statusCode: 412 }
resubscribing to sid uuid:RINCON_000E58F3F3F001400_sub0000000627 failed { Error: Precondition Failed
    at ClientRequest.http.request (/Users/johan/goosebuster/sonosifttt/node_modules/sonos-discovery/lib/helpers/request.js:22:21)
    at ClientRequest.g (events.js:286:16)
    at emitOne (events.js:96:13)
    at ClientRequest.emit (events.js:188:7)
    at HTTPParser.parserOnIncomingClient [as onIncoming] (_http_client.js:469:21)
    at HTTPParser.parserOnHeadersComplete (_http_common.js:105:23)
    at Socket.socketOnData (_http_client.js:359:20)
    at emitOne (events.js:96:13)
    at Socket.emit (events.js:188:7)
    at readableAddChunk (_stream_readable.js:172:18)
    at Socket.Readable.push (_stream_readable.js:130:10)
    at TCP.onread (net.js:542:20) statusCode: 412 }
resubscribing to sid uuid:RINCON_5CAAFD02154E01400_sub0000000848 failed { Error: Precondition Failed
    at ClientRequest.http.request (/Users/johan/goosebuster/sonosifttt/node_modules/sonos-discovery/lib/helpers/request.js:22:21)
    at ClientRequest.g (events.js:286:16)
    at emitOne (events.js:96:13)
    at ClientRequest.emit (events.js:188:7)
    at HTTPParser.parserOnIncomingClient [as onIncoming] (_http_client.js:469:21)
    at HTTPParser.parserOnHeadersComplete (_http_common.js:105:23)
    at Socket.socketOnData (_http_client.js:359:20)
    at emitOne (events.js:96:13)
    at Socket.emit (events.js:188:7)
    at readableAddChunk (_stream_readable.js:172:18)
    at Socket.Readable.push (_stream_readable.js:130:10)
    at TCP.onread (net.js:542:20) statusCode: 412 }
resubscribing to sid uuid:RINCON_5CAAFD02154E01400_sub0000000847 failed { Error: Precondition Failed
    at ClientRequest.http.request (/Users/johan/goosebuster/sonosifttt/node_modules/sonos-discovery/lib/helpers/request.js:22:21)
    at ClientRequest.g (events.js:286:16)
    at emitOne (events.js:96:13)
    at ClientRequest.emit (events.js:188:7)
    at HTTPParser.parserOnIncomingClient [as onIncoming] (_http_client.js:469:21)
    at HTTPParser.parserOnHeadersComplete (_http_common.js:105:23)
    at Socket.socketOnData (_http_client.js:359:20)
    at emitOne (events.js:96:13)
    at Socket.emit (events.js:188:7)
    at readableAddChunk (_stream_readable.js:172:18)
    at Socket.Readable.push (_stream_readable.js:130:10)
    at TCP.onread (net.js:542:20) statusCode: 412 }
resubscribing to sid uuid:RINCON_000E58A2DCF601400_sub0000000840 failed { Error: Precondition Failed
    at ClientRequest.http.request (/Users/johan/goosebuster/sonosifttt/node_modules/sonos-discovery/lib/helpers/request.js:22:21)
    at ClientRequest.g (events.js:286:16)
    at emitOne (events.js:96:13)
    at ClientRequest.emit (events.js:188:7)
    at HTTPParser.parserOnIncomingClient [as onIncoming] (_http_client.js:469:21)
    at HTTPParser.parserOnHeadersComplete (_http_common.js:105:23)
    at Socket.socketOnData (_http_client.js:359:20)
    at emitOne (events.js:96:13)
    at Socket.emit (events.js:188:7)
    at readableAddChunk (_stream_readable.js:172:18)
    at Socket.Readable.push (_stream_readable.js:130:10)
    at TCP.onread (net.js:542:20) statusCode: 412 }
resubscribing to sid uuid:RINCON_000E58A2DCF601400_sub0000000841 failed { Error: Precondition Failed
    at ClientRequest.http.request (/Users/johan/goosebuster/sonosifttt/node_modules/sonos-discovery/lib/helpers/request.js:22:21)
    at ClientRequest.g (events.js:286:16)
    at emitOne (events.js:96:13)
    at ClientRequest.emit (events.js:188:7)
    at HTTPParser.parserOnIncomingClient [as onIncoming] (_http_client.js:469:21)
    at HTTPParser.parserOnHeadersComplete (_http_common.js:105:23)
    at Socket.socketOnData (_http_client.js:359:20)
    at emitOne (events.js:96:13)
    at Socket.emit (events.js:188:7)
    at readableAddChunk (_stream_readable.js:172:18)
    at Socket.Readable.push (_stream_readable.js:130:10)
    at TCP.onread (net.js:542:20) statusCode: 412 }
resubscribing to sid uuid:RINCON_5CAAFD02154E01400_sub0000000849 failed { Error: Precondition Failed
    at ClientRequest.http.request (/Users/johan/goosebuster/sonosifttt/node_modules/sonos-discovery/lib/helpers/request.js:22:21)
    at ClientRequest.g (events.js:286:16)
    at emitOne (events.js:96:13)
    at ClientRequest.emit (events.js:188:7)
    at HTTPParser.parserOnIncomingClient [as onIncoming] (_http_client.js:469:21)
    at HTTPParser.parserOnHeadersComplete (_http_common.js:105:23)
    at Socket.socketOnData (_http_client.js:359:20)
    at emitOne (events.js:96:13)
    at Socket.emit (events.js:188:7)
    at readableAddChunk (_stream_readable.js:172:18)
    at Socket.Readable.push (_stream_readable.js:130:10)
    at TCP.onread (net.js:542:20) statusCode: 412 }
resubscribing to sid uuid:RINCON_000E58F3F3F001400_sub0000000628 failed { Error: Precondition Failed
    at ClientRequest.http.request (/Users/johan/goosebuster/sonosifttt/node_modules/sonos-discovery/lib/helpers/request.js:22:21)
    at ClientRequest.g (events.js:286:16)
    at emitOne (events.js:96:13)
    at ClientRequest.emit (events.js:188:7)
    at HTTPParser.parserOnIncomingClient [as onIncoming] (_http_client.js:469:21)
    at HTTPParser.parserOnHeadersComplete (_http_common.js:105:23)
    at Socket.socketOnData (_http_client.js:359:20)
    at emitOne (events.js:96:13)
    at Socket.emit (events.js:188:7)
    at readableAddChunk (_stream_readable.js:172:18)
    at Socket.Readable.push (_stream_readable.js:130:10)
    at TCP.onread (net.js:542:20) statusCode: 412 }
resubscribing to sid uuid:RINCON_000E58F3F3F001400_sub0000000629 failed { Error: Precondition Failed
    at ClientRequest.http.request (/Users/johan/goosebuster/sonosifttt/node_modules/sonos-discovery/lib/helpers/request.js:22:21)
    at ClientRequest.g (events.js:286:16)
    at emitOne (events.js:96:13)
    at ClientRequest.emit (events.js:188:7)
    at HTTPParser.parserOnIncomingClient [as onIncoming] (_http_client.js:469:21)
    at HTTPParser.parserOnHeadersComplete (_http_common.js:105:23)
    at Socket.socketOnData (_http_client.js:359:20)
    at emitOne (events.js:96:13)
    at Socket.emit (events.js:188:7)
    at readableAddChunk (_stream_readable.js:172:18)
    at Socket.Readable.push (_stream_readable.js:130:10)
    at TCP.onread (net.js:542:20) statusCode: 412 }
resubscribing to sid uuid:RINCON_000E58A2DCF601400_sub0000000842 failed { Error: Precondition Failed
    at ClientRequest.http.request (/Users/johan/goosebuster/sonosifttt/node_modules/sonos-discovery/lib/helpers/request.js:22:21)
    at ClientRequest.g (events.js:286:16)
    at emitOne (events.js:96:13)
    at ClientRequest.emit (events.js:188:7)
    at HTTPParser.parserOnIncomingClient [as onIncoming] (_http_client.js:469:21)
    at HTTPParser.parserOnHeadersComplete (_http_common.js:105:23)
    at Socket.socketOnData (_http_client.js:359:20)
    at emitOne (events.js:96:13)
    at Socket.emit (events.js:188:7)
    at readableAddChunk (_stream_readable.js:172:18)
    at Socket.Readable.push (_stream_readable.js:130:10)
    at TCP.onread (net.js:542:20) statusCode: 412 }
resubscribing to sid uuid:RINCON_5CAAFD02154E01400_sub0000000850 failed { Error: Precondition Failed
    at ClientRequest.http.request (/Users/johan/goosebuster/sonosifttt/node_modules/sonos-discovery/lib/helpers/request.js:22:21)
    at ClientRequest.g (events.js:286:16)
    at emitOne (events.js:96:13)
    at ClientRequest.emit (events.js:188:7)
    at HTTPParser.parserOnIncomingClient [as onIncoming] (_http_client.js:469:21)
    at HTTPParser.parserOnHeadersComplete (_http_common.js:105:23)
    at Socket.socketOnData (_http_client.js:359:20)
    at emitOne (events.js:96:13)
    at Socket.emit (events.js:188:7)
    at readableAddChunk (_stream_readable.js:172:18)
    at Socket.Readable.push (_stream_readable.js:130:10)
    at TCP.onread (net.js:542:20) statusCode: 412 }
resubscribing to sid uuid:RINCON_000E58F3F3F001400_sub0000000630 failed { Error: Precondition Failed
    at ClientRequest.http.request (/Users/johan/goosebuster/sonosifttt/node_modules/sonos-discovery/lib/helpers/request.js:22:21)
    at ClientRequest.g (events.js:286:16)
    at emitOne (events.js:96:13)
    at ClientRequest.emit (events.js:188:7)
    at HTTPParser.parserOnIncomingClient [as onIncoming] (_http_client.js:469:21)
    at HTTPParser.parserOnHeadersComplete (_http_common.js:105:23)
    at Socket.socketOnData (_http_client.js:359:20)
    at emitOne (events.js:96:13)
    at Socket.emit (events.js:188:7)
    at readableAddChunk (_stream_readable.js:172:18)
    at Socket.Readable.push (_stream_readable.js:130:10)
    at TCP.onread (net.js:542:20) statusCode: 412 }
resubscribing to sid uuid:RINCON_5CAAFD02154E01400_sub0000000851 failed { Error: Precondition Failed
    at ClientRequest.http.request (/Users/johan/goosebuster/sonosifttt/node_modules/sonos-discovery/lib/helpers/request.js:22:21)
    at ClientRequest.g (events.js:286:16)
    at emitOne (events.js:96:13)
    at ClientRequest.emit (events.js:188:7)
    at HTTPParser.parserOnIncomingClient [as onIncoming] (_http_client.js:469:21)
    at HTTPParser.parserOnHeadersComplete (_http_common.js:105:23)
    at Socket.socketOnData (_http_client.js:359:20)
    at emitOne (events.js:96:13)
    at Socket.emit (events.js:188:7)
    at readableAddChunk (_stream_readable.js:172:18)
    at Socket.Readable.push (_stream_readable.js:130:10)
    at TCP.onread (net.js:542:20) statusCode: 412 }
resubscribing to sid uuid:RINCON_5CAAFD02154E01400_sub0000000852 failed { Error: Precondition Failed
    at ClientRequest.http.request (/Users/johan/goosebuster/sonosifttt/node_modules/sonos-discovery/lib/helpers/request.js:22:21)
    at ClientRequest.g (events.js:286:16)
    at emitOne (events.js:96:13)
    at ClientRequest.emit (events.js:188:7)
    at HTTPParser.parserOnIncomingClient [as onIncoming] (_http_client.js:469:21)
    at HTTPParser.parserOnHeadersComplete (_http_common.js:105:23)
    at Socket.socketOnData (_http_client.js:359:20)
    at emitOne (events.js:96:13)
    at Socket.emit (events.js:188:7)
    at readableAddChunk (_stream_readable.js:172:18)
    at Socket.Readable.push (_stream_readable.js:130:10)
    at TCP.onread (net.js:542:20) statusCode: 412 }
resubscribing to sid uuid:RINCON_000E58A2DCF601400_sub0000000843 failed { Error: Precondition Failed
    at ClientRequest.http.request (/Users/johan/goosebuster/sonosifttt/node_modules/sonos-discovery/lib/helpers/request.js:22:21)
    at ClientRequest.g (events.js:286:16)
    at emitOne (events.js:96:13)
    at ClientRequest.emit (events.js:188:7)
    at HTTPParser.parserOnIncomingClient [as onIncoming] (_http_client.js:469:21)
    at HTTPParser.parserOnHeadersComplete (_http_common.js:105:23)
    at Socket.socketOnData (_http_client.js:359:20)
    at emitOne (events.js:96:13)
    at Socket.emit (events.js:188:7)
    at readableAddChunk (_stream_readable.js:172:18)
    at Socket.Readable.push (_stream_readable.js:130:10)
    at TCP.onread (net.js:542:20) statusCode: 412 }
resubscribing to sid uuid:RINCON_000E58A2DCF601400_sub0000000844 failed { Error: Precondition Failed
    at ClientRequest.http.request (/Users/johan/goosebuster/sonosifttt/node_modules/sonos-discovery/lib/helpers/request.js:22:21)
    at ClientRequest.g (events.js:286:16)
    at emitOne (events.js:96:13)
    at ClientRequest.emit (events.js:188:7)
    at HTTPParser.parserOnIncomingClient [as onIncoming] (_http_client.js:469:21)
    at HTTPParser.parserOnHeadersComplete (_http_common.js:105:23)
    at Socket.socketOnData (_http_client.js:359:20)
    at emitOne (events.js:96:13)
    at Socket.emit (events.js:188:7)
    at readableAddChunk (_stream_readable.js:172:18)
    at Socket.Readable.push (_stream_readable.js:130:10)
    at TCP.onread (net.js:542:20) statusCode: 412 }
resubscribing to sid uuid:RINCON_5CAAFD02154E01400_sub0000000853 failed { Error: Precondition Failed
    at ClientRequest.http.request (/Users/johan/goosebuster/sonosifttt/node_modules/sonos-discovery/lib/helpers/request.js:22:21)
    at ClientRequest.g (events.js:286:16)
    at emitOne (events.js:96:13)
    at ClientRequest.emit (events.js:188:7)
    at HTTPParser.parserOnIncomingClient [as onIncoming] (_http_client.js:469:21)
    at HTTPParser.parserOnHeadersComplete (_http_common.js:105:23)
    at Socket.socketOnData (_http_client.js:359:20)
    at emitOne (events.js:96:13)
    at Socket.emit (events.js:188:7)
    at readableAddChunk (_stream_readable.js:172:18)
    at Socket.Readable.push (_stream_readable.js:130:10)
    at TCP.onread (net.js:542:20) statusCode: 412 }
resubscribing to sid uuid:RINCON_000E58F3F3F001400_sub0000000631 failed { Error: Precondition Failed
    at ClientRequest.http.request (/Users/johan/goosebuster/sonosifttt/node_modules/sonos-discovery/lib/helpers/request.js:22:21)
    at ClientRequest.g (events.js:286:16)
    at emitOne (events.js:96:13)
    at ClientRequest.emit (events.js:188:7)
    at HTTPParser.parserOnIncomingClient [as onIncoming] (_http_client.js:469:21)
    at HTTPParser.parserOnHeadersComplete (_http_common.js:105:23)
    at Socket.socketOnData (_http_client.js:359:20)
    at emitOne (events.js:96:13)
    at Socket.emit (events.js:188:7)
    at readableAddChunk (_stream_readable.js:172:18)
    at Socket.Readable.push (_stream_readable.js:130:10)
    at TCP.onread (net.js:542:20) statusCode: 412 }
resubscribing to sid uuid:RINCON_000E58F3F3F001400_sub0000000632 failed { Error: Precondition Failed
    at ClientRequest.http.request (/Users/johan/goosebuster/sonosifttt/node_modules/sonos-discovery/lib/helpers/request.js:22:21)
    at ClientRequest.g (events.js:286:16)
    at emitOne (events.js:96:13)
    at ClientRequest.emit (events.js:188:7)
    at HTTPParser.parserOnIncomingClient [as onIncoming] (_http_client.js:469:21)
    at HTTPParser.parserOnHeadersComplete (_http_common.js:105:23)
    at Socket.socketOnData (_http_client.js:359:20)
    at emitOne (events.js:96:13)
    at Socket.emit (events.js:188:7)
    at readableAddChunk (_stream_readable.js:172:18)
    at Socket.Readable.push (_stream_readable.js:130:10)
    at TCP.onread (net.js:542:20) statusCode: 412 }
resubscribing to sid uuid:RINCON_000E58A2DCF601400_sub0000000845 failed { Error: Precondition Failed
    at ClientRequest.http.request (/Users/johan/goosebuster/sonosifttt/node_modules/sonos-discovery/lib/helpers/request.js:22:21)
    at ClientRequest.g (events.js:286:16)
    at emitOne (events.js:96:13)
    at ClientRequest.emit (events.js:188:7)
    at HTTPParser.parserOnIncomingClient [as onIncoming] (_http_client.js:469:21)
    at HTTPParser.parserOnHeadersComplete (_http_common.js:105:23)
    at Socket.socketOnData (_http_client.js:359:20)
    at emitOne (events.js:96:13)
    at Socket.emit (events.js:188:7)
    at readableAddChunk (_stream_readable.js:172:18)
    at Socket.Readable.push (_stream_readable.js:130:10)
    at TCP.onread (net.js:542:20) statusCode: 412 }
resubscribing to sid uuid:RINCON_5CAAFD02154E01400_sub0000000854 failed { Error: Precondition Failed
    at ClientRequest.http.request (/Users/johan/goosebuster/sonosifttt/node_modules/sonos-discovery/lib/helpers/request.js:22:21)
    at ClientRequest.g (events.js:286:16)
    at emitOne (events.js:96:13)
    at ClientRequest.emit (events.js:188:7)
    at HTTPParser.parserOnIncomingClient [as onIncoming] (_http_client.js:469:21)
    at HTTPParser.parserOnHeadersComplete (_http_common.js:105:23)
    at Socket.socketOnData (_http_client.js:359:20)
    at emitOne (events.js:96:13)
    at Socket.emit (events.js:188:7)
    at readableAddChunk (_stream_readable.js:172:18)
    at Socket.Readable.push (_stream_readable.js:130:10)
    at TCP.onread (net.js:542:20) statusCode: 412 }
resubscribing to sid uuid:RINCON_000E58F3F3F001400_sub0000000633 failed { Error: Precondition Failed
    at ClientRequest.http.request (/Users/johan/goosebuster/sonosifttt/node_modules/sonos-discovery/lib/helpers/request.js:22:21)
    at ClientRequest.g (events.js:286:16)
    at emitOne (events.js:96:13)
    at ClientRequest.emit (events.js:188:7)
    at HTTPParser.parserOnIncomingClient [as onIncoming] (_http_client.js:469:21)
    at HTTPParser.parserOnHeadersComplete (_http_common.js:105:23)
    at Socket.socketOnData (_http_client.js:359:20)
    at emitOne (events.js:96:13)
    at Socket.emit (events.js:188:7)
    at readableAddChunk (_stream_readable.js:172:18)
    at Socket.Readable.push (_stream_readable.js:130:10)
    at TCP.onread (net.js:542:20) statusCode: 412 }
resubscribing to sid uuid:RINCON_5CAAFD02154E01400_sub0000000856 failed { Error: Precondition Failed
    at ClientRequest.http.request (/Users/johan/goosebuster/sonosifttt/node_modules/sonos-discovery/lib/helpers/request.js:22:21)
    at ClientRequest.g (events.js:286:16)
    at emitOne (events.js:96:13)
    at ClientRequest.emit (events.js:188:7)
    at HTTPParser.parserOnIncomingClient [as onIncoming] (_http_client.js:469:21)
    at HTTPParser.parserOnHeadersComplete (_http_common.js:105:23)
    at Socket.socketOnData (_http_client.js:359:20)
    at emitOne (events.js:96:13)
    at Socket.emit (events.js:188:7)
    at readableAddChunk (_stream_readable.js:172:18)
    at Socket.Readable.push (_stream_readable.js:130:10)
    at TCP.onread (net.js:542:20) statusCode: 412 }
resubscribing to sid uuid:RINCON_5CAAFD02154E01400_sub0000000855 failed { Error: Precondition Failed
    at ClientRequest.http.request (/Users/johan/goosebuster/sonosifttt/node_modules/sonos-discovery/lib/helpers/request.js:22:21)
    at ClientRequest.g (events.js:286:16)
    at emitOne (events.js:96:13)
    at ClientRequest.emit (events.js:188:7)
    at HTTPParser.parserOnIncomingClient [as onIncoming] (_http_client.js:469:21)
    at HTTPParser.parserOnHeadersComplete (_http_common.js:105:23)
    at Socket.socketOnData (_http_client.js:359:20)
    at emitOne (events.js:96:13)
    at Socket.emit (events.js:188:7)
    at readableAddChunk (_stream_readable.js:172:18)
    at Socket.Readable.push (_stream_readable.js:130:10)
    at TCP.onread (net.js:542:20) statusCode: 412 }
resubscribing to sid uuid:RINCON_000E58A2DCF601400_sub0000000846 failed { Error: Precondition Failed
    at ClientRequest.http.request (/Users/johan/goosebuster/sonosifttt/node_modules/sonos-discovery/lib/helpers/request.js:22:21)
    at ClientRequest.g (events.js:286:16)
    at emitOne (events.js:96:13)
    at ClientRequest.emit (events.js:188:7)
    at HTTPParser.parserOnIncomingClient [as onIncoming] (_http_client.js:469:21)
    at HTTPParser.parserOnHeadersComplete (_http_common.js:105:23)
    at Socket.socketOnData (_http_client.js:359:20)
    at emitOne (events.js:96:13)
    at Socket.emit (events.js:188:7)
    at readableAddChunk (_stream_readable.js:172:18)
    at Socket.Readable.push (_stream_readable.js:130:10)
    at TCP.onread (net.js:542:20) statusCode: 412 }
resubscribing to sid uuid:RINCON_000E58A2DCF601400_sub0000000847 failed { Error: Precondition Failed
    at ClientRequest.http.request (/Users/johan/goosebuster/sonosifttt/node_modules/sonos-discovery/lib/helpers/request.js:22:21)
    at ClientRequest.g (events.js:286:16)
    at emitOne (events.js:96:13)
    at ClientRequest.emit (events.js:188:7)
    at HTTPParser.parserOnIncomingClient [as onIncoming] (_http_client.js:469:21)
    at HTTPParser.parserOnHeadersComplete (_http_common.js:105:23)
    at Socket.socketOnData (_http_client.js:359:20)
    at emitOne (events.js:96:13)
    at Socket.emit (events.js:188:7)
    at readableAddChunk (_stream_readable.js:172:18)
    at Socket.Readable.push (_stream_readable.js:130:10)
    at TCP.onread (net.js:542:20) statusCode: 412 }
resubscribing to sid uuid:RINCON_5CAAFD02154E01400_sub0000000857 failed { Error: Precondition Failed
    at ClientRequest.http.request (/Users/johan/goosebuster/sonosifttt/node_modules/sonos-discovery/lib/helpers/request.js:22:21)
    at ClientRequest.g (events.js:286:16)
    at emitOne (events.js:96:13)
    at ClientRequest.emit (events.js:188:7)
    at HTTPParser.parserOnIncomingClient [as onIncoming] (_http_client.js:469:21)
    at HTTPParser.parserOnHeadersComplete (_http_common.js:105:23)
    at Socket.socketOnData (_http_client.js:359:20)
    at emitOne (events.js:96:13)
    at Socket.emit (events.js:188:7)
    at readableAddChunk (_stream_readable.js:172:18)
    at Socket.Readable.push (_stream_readable.js:130:10)
    at TCP.onread (net.js:542:20) statusCode: 412 }
resubscribing to sid uuid:RINCON_000E58F3F3F001400_sub0000000635 failed { Error: Precondition Failed
    at ClientRequest.http.request (/Users/johan/goosebuster/sonosifttt/node_modules/sonos-discovery/lib/helpers/request.js:22:21)
    at ClientRequest.g (events.js:286:16)
    at emitOne (events.js:96:13)
    at ClientRequest.emit (events.js:188:7)
    at HTTPParser.parserOnIncomingClient [as onIncoming] (_http_client.js:469:21)
    at HTTPParser.parserOnHeadersComplete (_http_common.js:105:23)
    at Socket.socketOnData (_http_client.js:359:20)
    at emitOne (events.js:96:13)
    at Socket.emit (events.js:188:7)
    at readableAddChunk (_stream_readable.js:172:18)
    at Socket.Readable.push (_stream_readable.js:130:10)
    at TCP.onread (net.js:542:20) statusCode: 412 }
resubscribing to sid uuid:RINCON_000E58F3F3F001400_sub0000000634 failed { Error: Precondition Failed
    at ClientRequest.http.request (/Users/johan/goosebuster/sonosifttt/node_modules/sonos-discovery/lib/helpers/request.js:22:21)
    at ClientRequest.g (events.js:286:16)
    at emitOne (events.js:96:13)
    at ClientRequest.emit (events.js:188:7)
    at HTTPParser.parserOnIncomingClient [as onIncoming] (_http_client.js:469:21)
    at HTTPParser.parserOnHeadersComplete (_http_common.js:105:23)
    at Socket.socketOnData (_http_client.js:359:20)
    at emitOne (events.js:96:13)
    at Socket.emit (events.js:188:7)
    at readableAddChunk (_stream_readable.js:172:18)
    at Socket.Readable.push (_stream_readable.js:130:10)
    at TCP.onread (net.js:542:20) statusCode: 412 }
resubscribing to sid uuid:RINCON_000E58A2DCF601400_sub0000000848 failed { Error: Precondition Failed
    at ClientRequest.http.request (/Users/johan/goosebuster/sonosifttt/node_modules/sonos-discovery/lib/helpers/request.js:22:21)
    at ClientRequest.g (events.js:286:16)
    at emitOne (events.js:96:13)
    at ClientRequest.emit (events.js:188:7)
    at HTTPParser.parserOnIncomingClient [as onIncoming] (_http_client.js:469:21)
    at HTTPParser.parserOnHeadersComplete (_http_common.js:105:23)
    at Socket.socketOnData (_http_client.js:359:20)
    at emitOne (events.js:96:13)
    at Socket.emit (events.js:188:7)
    at readableAddChunk (_stream_readable.js:172:18)
    at Socket.Readable.push (_stream_readable.js:130:10)
    at TCP.onread (net.js:542:20) statusCode: 412 }
resubscribing to sid uuid:RINCON_5CAAFD02154E01400_sub0000000858 failed { Error: Precondition Failed
    at ClientRequest.http.request (/Users/johan/goosebuster/sonosifttt/node_modules/sonos-discovery/lib/helpers/request.js:22:21)
    at ClientRequest.g (events.js:286:16)
    at emitOne (events.js:96:13)
    at ClientRequest.emit (events.js:188:7)
    at HTTPParser.parserOnIncomingClient [as onIncoming] (_http_client.js:469:21)
    at HTTPParser.parserOnHeadersComplete (_http_common.js:105:23)
    at Socket.socketOnData (_http_client.js:359:20)
    at emitOne (events.js:96:13)
    at Socket.emit (events.js:188:7)
    at readableAddChunk (_stream_readable.js:172:18)
    at Socket.Readable.push (_stream_readable.js:130:10)
    at TCP.onread (net.js:542:20) statusCode: 412 }
resubscribing to sid uuid:RINCON_000E58F3F3F001400_sub0000000636 failed { Error: Precondition Failed
    at ClientRequest.http.request (/Users/johan/goosebuster/sonosifttt/node_modules/sonos-discovery/lib/helpers/request.js:22:21)
    at ClientRequest.g (events.js:286:16)
    at emitOne (events.js:96:13)
    at ClientRequest.emit (events.js:188:7)
    at HTTPParser.parserOnIncomingClient [as onIncoming] (_http_client.js:469:21)
    at HTTPParser.parserOnHeadersComplete (_http_common.js:105:23)
    at Socket.socketOnData (_http_client.js:359:20)
    at emitOne (events.js:96:13)
    at Socket.emit (events.js:188:7)
    at readableAddChunk (_stream_readable.js:172:18)
    at Socket.Readable.push (_stream_readable.js:130:10)
    at TCP.onread (net.js:542:20) statusCode: 412 }
resubscribing to sid uuid:RINCON_5CAAFD02154E01400_sub0000000859 failed { Error: Precondition Failed
    at ClientRequest.http.request (/Users/johan/goosebuster/sonosifttt/node_modules/sonos-discovery/lib/helpers/request.js:22:21)
    at ClientRequest.g (events.js:286:16)
    at emitOne (events.js:96:13)
    at ClientRequest.emit (events.js:188:7)
    at HTTPParser.parserOnIncomingClient [as onIncoming] (_http_client.js:469:21)
    at HTTPParser.parserOnHeadersComplete (_http_common.js:105:23)
    at Socket.socketOnData (_http_client.js:359:20)
    at emitOne (events.js:96:13)
    at Socket.emit (events.js:188:7)
    at readableAddChunk (_stream_readable.js:172:18)
    at Socket.Readable.push (_stream_readable.js:130:10)
    at TCP.onread (net.js:542:20) statusCode: 412 }
resubscribing to sid uuid:RINCON_5CAAFD02154E01400_sub0000000860 failed { Error: Precondition Failed
    at ClientRequest.http.request (/Users/johan/goosebuster/sonosifttt/node_modules/sonos-discovery/lib/helpers/request.js:22:21)
    at ClientRequest.g (events.js:286:16)
    at emitOne (events.js:96:13)
    at ClientRequest.emit (events.js:188:7)
    at HTTPParser.parserOnIncomingClient [as onIncoming] (_http_client.js:469:21)
    at HTTPParser.parserOnHeadersComplete (_http_common.js:105:23)
    at Socket.socketOnData (_http_client.js:359:20)
    at emitOne (events.js:96:13)
    at Socket.emit (events.js:188:7)
    at readableAddChunk (_stream_readable.js:172:18)
    at Socket.Readable.push (_stream_readable.js:130:10)
    at TCP.onread (net.js:542:20) statusCode: 412 }
resubscribing to sid uuid:RINCON_000E58A2DCF601400_sub0000000849 failed { Error: Precondition Failed
    at ClientRequest.http.request (/Users/johan/goosebuster/sonosifttt/node_modules/sonos-discovery/lib/helpers/request.js:22:21)
    at ClientRequest.g (events.js:286:16)
    at emitOne (events.js:96:13)
    at ClientRequest.emit (events.js:188:7)
    at HTTPParser.parserOnIncomingClient [as onIncoming] (_http_client.js:469:21)
    at HTTPParser.parserOnHeadersComplete (_http_common.js:105:23)
    at Socket.socketOnData (_http_client.js:359:20)
    at emitOne (events.js:96:13)
    at Socket.emit (events.js:188:7)
    at readableAddChunk (_stream_readable.js:172:18)
    at Socket.Readable.push (_stream_readable.js:130:10)
    at TCP.onread (net.js:542:20) statusCode: 412 }
resubscribing to sid uuid:RINCON_000E58A2DCF601400_sub0000000850 failed { Error: Precondition Failed
    at ClientRequest.http.request (/Users/johan/goosebuster/sonosifttt/node_modules/sonos-discovery/lib/helpers/request.js:22:21)
    at ClientRequest.g (events.js:286:16)
    at emitOne (events.js:96:13)
    at ClientRequest.emit (events.js:188:7)
    at HTTPParser.parserOnIncomingClient [as onIncoming] (_http_client.js:469:21)
    at HTTPParser.parserOnHeadersComplete (_http_common.js:105:23)
    at Socket.socketOnData (_http_client.js:359:20)
    at emitOne (events.js:96:13)
    at Socket.emit (events.js:188:7)
    at readableAddChunk (_stream_readable.js:172:18)
    at Socket.Readable.push (_stream_readable.js:130:10)
    at TCP.onread (net.js:542:20) statusCode: 412 }
resubscribing to sid uuid:RINCON_5CAAFD02154E01400_sub0000000861 failed { Error: Precondition Failed
    at ClientRequest.http.request (/Users/johan/goosebuster/sonosifttt/node_modules/sonos-discovery/lib/helpers/request.js:22:21)
    at ClientRequest.g (events.js:286:16)
    at emitOne (events.js:96:13)
    at ClientRequest.emit (events.js:188:7)
    at HTTPParser.parserOnIncomingClient [as onIncoming] (_http_client.js:469:21)
    at HTTPParser.parserOnHeadersComplete (_http_common.js:105:23)
    at Socket.socketOnData (_http_client.js:359:20)
    at emitOne (events.js:96:13)
    at Socket.emit (events.js:188:7)
    at readableAddChunk (_stream_readable.js:172:18)
    at Socket.Readable.push (_stream_readable.js:130:10)
    at TCP.onread (net.js:542:20) statusCode: 412 }
resubscribing to sid uuid:RINCON_000E58F3F3F001400_sub0000000638 failed { Error: Precondition Failed
    at ClientRequest.http.request (/Users/johan/goosebuster/sonosifttt/node_modules/sonos-discovery/lib/helpers/request.js:22:21)
    at ClientRequest.g (events.js:286:16)
    at emitOne (events.js:96:13)
    at ClientRequest.emit (events.js:188:7)
    at HTTPParser.parserOnIncomingClient [as onIncoming] (_http_client.js:469:21)
    at HTTPParser.parserOnHeadersComplete (_http_common.js:105:23)
    at Socket.socketOnData (_http_client.js:359:20)
    at emitOne (events.js:96:13)
    at Socket.emit (events.js:188:7)
    at readableAddChunk (_stream_readable.js:172:18)
    at Socket.Readable.push (_stream_readable.js:130:10)
    at TCP.onread (net.js:542:20) statusCode: 412 }
resubscribing to sid uuid:RINCON_000E58F3F3F001400_sub0000000637 failed { Error: Precondition Failed
    at ClientRequest.http.request (/Users/johan/goosebuster/sonosifttt/node_modules/sonos-discovery/lib/helpers/request.js:22:21)
    at ClientRequest.g (events.js:286:16)
    at emitOne (events.js:96:13)
    at ClientRequest.emit (events.js:188:7)
    at HTTPParser.parserOnIncomingClient [as onIncoming] (_http_client.js:469:21)
    at HTTPParser.parserOnHeadersComplete (_http_common.js:105:23)
    at Socket.socketOnData (_http_client.js:359:20)
    at emitOne (events.js:96:13)
    at Socket.emit (events.js:188:7)
    at readableAddChunk (_stream_readable.js:172:18)
    at Socket.Readable.push (_stream_readable.js:130:10)
    at TCP.onread (net.js:542:20) statusCode: 412 }
resubscribing to sid uuid:RINCON_000E58A2DCF601400_sub0000000851 failed { Error: Precondition Failed
    at ClientRequest.http.request (/Users/johan/goosebuster/sonosifttt/node_modules/sonos-discovery/lib/helpers/request.js:22:21)
    at ClientRequest.g (events.js:286:16)
    at emitOne (events.js:96:13)
    at ClientRequest.emit (events.js:188:7)
    at HTTPParser.parserOnIncomingClient [as onIncoming] (_http_client.js:469:21)
    at HTTPParser.parserOnHeadersComplete (_http_common.js:105:23)
    at Socket.socketOnData (_http_client.js:359:20)
    at emitOne (events.js:96:13)
    at Socket.emit (events.js:188:7)
    at readableAddChunk (_stream_readable.js:172:18)
    at Socket.Readable.push (_stream_readable.js:130:10)
    at TCP.onread (net.js:542:20) statusCode: 412 }
resubscribing to sid uuid:RINCON_5CAAFD02154E01400_sub0000000862 failed { Error: Precondition Failed
    at ClientRequest.http.request (/Users/johan/goosebuster/sonosifttt/node_modules/sonos-discovery/lib/helpers/request.js:22:21)
    at ClientRequest.g (events.js:286:16)
    at emitOne (events.js:96:13)
    at ClientRequest.emit (events.js:188:7)
    at HTTPParser.parserOnIncomingClient [as onIncoming] (_http_client.js:469:21)
    at HTTPParser.parserOnHeadersComplete (_http_common.js:105:23)
    at Socket.socketOnData (_http_client.js:359:20)
    at emitOne (events.js:96:13)
    at Socket.emit (events.js:188:7)
    at readableAddChunk (_stream_readable.js:172:18)
    at Socket.Readable.push (_stream_readable.js:130:10)
    at TCP.onread (net.js:542:20) statusCode: 412 }
resubscribing to sid uuid:RINCON_000E58F3F3F001400_sub0000000639 failed { Error: Precondition Failed
    at ClientRequest.http.request (/Users/johan/goosebuster/sonosifttt/node_modules/sonos-discovery/lib/helpers/request.js:22:21)
    at ClientRequest.g (events.js:286:16)
    at emitOne (events.js:96:13)
    at ClientRequest.emit (events.js:188:7)
    at HTTPParser.parserOnIncomingClient [as onIncoming] (_http_client.js:469:21)
    at HTTPParser.parserOnHeadersComplete (_http_common.js:105:23)
    at Socket.socketOnData (_http_client.js:359:20)
    at emitOne (events.js:96:13)
    at Socket.emit (events.js:188:7)
    at readableAddChunk (_stream_readable.js:172:18)
    at Socket.Readable.push (_stream_readable.js:130:10)
    at TCP.onread (net.js:542:20) statusCode: 412 }
resubscribing to sid uuid:RINCON_5CAAFD02154E01400_sub0000000864 failed { Error: Precondition Failed
    at ClientRequest.http.request (/Users/johan/goosebuster/sonosifttt/node_modules/sonos-discovery/lib/helpers/request.js:22:21)
    at ClientRequest.g (events.js:286:16)
    at emitOne (events.js:96:13)
    at ClientRequest.emit (events.js:188:7)
    at HTTPParser.parserOnIncomingClient [as onIncoming] (_http_client.js:469:21)
    at HTTPParser.parserOnHeadersComplete (_http_common.js:105:23)
    at Socket.socketOnData (_http_client.js:359:20)
    at emitOne (events.js:96:13)
    at Socket.emit (events.js:188:7)
    at readableAddChunk (_stream_readable.js:172:18)
    at Socket.Readable.push (_stream_readable.js:130:10)
    at TCP.onread (net.js:542:20) statusCode: 412 }
resubscribing to sid uuid:RINCON_5CAAFD02154E01400_sub0000000863 failed { Error: Precondition Failed
    at ClientRequest.http.request (/Users/johan/goosebuster/sonosifttt/node_modules/sonos-discovery/lib/helpers/request.js:22:21)
    at ClientRequest.g (events.js:286:16)
    at emitOne (events.js:96:13)
    at ClientRequest.emit (events.js:188:7)
    at HTTPParser.parserOnIncomingClient [as onIncoming] (_http_client.js:469:21)
    at HTTPParser.parserOnHeadersComplete (_http_common.js:105:23)
    at Socket.socketOnData (_http_client.js:359:20)
    at emitOne (events.js:96:13)
    at Socket.emit (events.js:188:7)
    at readableAddChunk (_stream_readable.js:172:18)
    at Socket.Readable.push (_stream_readable.js:130:10)
    at TCP.onread (net.js:542:20) statusCode: 412 }
resubscribing to sid uuid:RINCON_000E58A2DCF601400_sub0000000852 failed { Error: Precondition Failed
    at ClientRequest.http.request (/Users/johan/goosebuster/sonosifttt/node_modules/sonos-discovery/lib/helpers/request.js:22:21)
    at ClientRequest.g (events.js:286:16)
    at emitOne (events.js:96:13)
    at ClientRequest.emit (events.js:188:7)
    at HTTPParser.parserOnIncomingClient [as onIncoming] (_http_client.js:469:21)
    at HTTPParser.parserOnHeadersComplete (_http_common.js:105:23)
    at Socket.socketOnData (_http_client.js:359:20)
    at emitOne (events.js:96:13)
    at Socket.emit (events.js:188:7)
    at readableAddChunk (_stream_readable.js:172:18)
    at Socket.Readable.push (_stream_readable.js:130:10)
    at TCP.onread (net.js:542:20) statusCode: 412 }
resubscribing to sid uuid:RINCON_000E58A2DCF601400_sub0000000853 failed { Error: Precondition Failed
    at ClientRequest.http.request (/Users/johan/goosebuster/sonosifttt/node_modules/sonos-discovery/lib/helpers/request.js:22:21)
    at ClientRequest.g (events.js:286:16)
    at emitOne (events.js:96:13)
    at ClientRequest.emit (events.js:188:7)
    at HTTPParser.parserOnIncomingClient [as onIncoming] (_http_client.js:469:21)
    at HTTPParser.parserOnHeadersComplete (_http_common.js:105:23)
    at Socket.socketOnData (_http_client.js:359:20)
    at emitOne (events.js:96:13)
    at Socket.emit (events.js:188:7)
    at readableAddChunk (_stream_readable.js:172:18)
    at Socket.Readable.push (_stream_readable.js:130:10)
    at TCP.onread (net.js:542:20) statusCode: 412 }
resubscribing to sid uuid:RINCON_5CAAFD02154E01400_sub0000000865 failed { Error: Precondition Failed
    at ClientRequest.http.request (/Users/johan/goosebuster/sonosifttt/node_modules/sonos-discovery/lib/helpers/request.js:22:21)
    at ClientRequest.g (events.js:286:16)
    at emitOne (events.js:96:13)
    at ClientRequest.emit (events.js:188:7)
    at HTTPParser.parserOnIncomingClient [as onIncoming] (_http_client.js:469:21)
    at HTTPParser.parserOnHeadersComplete (_http_common.js:105:23)
    at Socket.socketOnData (_http_client.js:359:20)
    at emitOne (events.js:96:13)
    at Socket.emit (events.js:188:7)
    at readableAddChunk (_stream_readable.js:172:18)
    at Socket.Readable.push (_stream_readable.js:130:10)
    at TCP.onread (net.js:542:20) statusCode: 412 }
resubscribing to sid uuid:RINCON_000E58F3F3F001400_sub0000000641 failed { Error: Precondition Failed
    at ClientRequest.http.request (/Users/johan/goosebuster/sonosifttt/node_modules/sonos-discovery/lib/helpers/request.js:22:21)
    at ClientRequest.g (events.js:286:16)
    at emitOne (events.js:96:13)
    at ClientRequest.emit (events.js:188:7)
    at HTTPParser.parserOnIncomingClient [as onIncoming] (_http_client.js:469:21)
    at HTTPParser.parserOnHeadersComplete (_http_common.js:105:23)
    at Socket.socketOnData (_http_client.js:359:20)
    at emitOne (events.js:96:13)
    at Socket.emit (events.js:188:7)
    at readableAddChunk (_stream_readable.js:172:18)
    at Socket.Readable.push (_stream_readable.js:130:10)
    at TCP.onread (net.js:542:20) statusCode: 412 }
resubscribing to sid uuid:RINCON_000E58F3F3F001400_sub0000000640 failed { Error: Precondition Failed
    at ClientRequest.http.request (/Users/johan/goosebuster/sonosifttt/node_modules/sonos-discovery/lib/helpers/request.js:22:21)
    at ClientRequest.g (events.js:286:16)
    at emitOne (events.js:96:13)
    at ClientRequest.emit (events.js:188:7)
    at HTTPParser.parserOnIncomingClient [as onIncoming] (_http_client.js:469:21)
    at HTTPParser.parserOnHeadersComplete (_http_common.js:105:23)
    at Socket.socketOnData (_http_client.js:359:20)
    at emitOne (events.js:96:13)
    at Socket.emit (events.js:188:7)
    at readableAddChunk (_stream_readable.js:172:18)
    at Socket.Readable.push (_stream_readable.js:130:10)
    at TCP.onread (net.js:542:20) statusCode: 412 }
resubscribing to sid uuid:RINCON_000E58A2DCF601400_sub0000000854 failed { Error: Precondition Failed
    at ClientRequest.http.request (/Users/johan/goosebuster/sonosifttt/node_modules/sonos-discovery/lib/helpers/request.js:22:21)
    at ClientRequest.g (events.js:286:16)
    at emitOne (events.js:96:13)
    at ClientRequest.emit (events.js:188:7)
    at HTTPParser.parserOnIncomingClient [as onIncoming] (_http_client.js:469:21)
    at HTTPParser.parserOnHeadersComplete (_http_common.js:105:23)
    at Socket.socketOnData (_http_client.js:359:20)
    at emitOne (events.js:96:13)
    at Socket.emit (events.js:188:7)
    at readableAddChunk (_stream_readable.js:172:18)
    at Socket.Readable.push (_stream_readable.js:130:10)
    at TCP.onread (net.js:542:20) statusCode: 412 }
resubscribing to sid uuid:RINCON_5CAAFD02154E01400_sub0000000866 failed { Error: Precondition Failed
    at ClientRequest.http.request (/Users/johan/goosebuster/sonosifttt/node_modules/sonos-discovery/lib/helpers/request.js:22:21)
    at ClientRequest.g (events.js:286:16)
    at emitOne (events.js:96:13)
    at ClientRequest.emit (events.js:188:7)
    at HTTPParser.parserOnIncomingClient [as onIncoming] (_http_client.js:469:21)
    at HTTPParser.parserOnHeadersComplete (_http_common.js:105:23)
    at Socket.socketOnData (_http_client.js:359:20)
    at emitOne (events.js:96:13)
    at Socket.emit (events.js:188:7)
    at readableAddChunk (_stream_readable.js:172:18)
    at Socket.Readable.push (_stream_readable.js:130:10)
    at TCP.onread (net.js:542:20) statusCode: 412 }
resubscribing to sid uuid:RINCON_000E58F3F3F001400_sub0000000642 failed { Error: Precondition Failed
    at ClientRequest.http.request (/Users/johan/goosebuster/sonosifttt/node_modules/sonos-discovery/lib/helpers/request.js:22:21)
    at ClientRequest.g (events.js:286:16)
    at emitOne (events.js:96:13)
    at ClientRequest.emit (events.js:188:7)
    at HTTPParser.parserOnIncomingClient [as onIncoming] (_http_client.js:469:21)
    at HTTPParser.parserOnHeadersComplete (_http_common.js:105:23)
    at Socket.socketOnData (_http_client.js:359:20)
    at emitOne (events.js:96:13)
    at Socket.emit (events.js:188:7)
    at readableAddChunk (_stream_readable.js:172:18)
    at Socket.Readable.push (_stream_readable.js:130:10)
    at TCP.onread (net.js:542:20) statusCode: 412 }
resubscribing to sid uuid:RINCON_5CAAFD02154E01400_sub0000000867 failed { Error: Precondition Failed
    at ClientRequest.http.request (/Users/johan/goosebuster/sonosifttt/node_modules/sonos-discovery/lib/helpers/request.js:22:21)
    at ClientRequest.g (events.js:286:16)
    at emitOne (events.js:96:13)
    at ClientRequest.emit (events.js:188:7)
    at HTTPParser.parserOnIncomingClient [as onIncoming] (_http_client.js:469:21)
    at HTTPParser.parserOnHeadersComplete (_http_common.js:105:23)
    at Socket.socketOnData (_http_client.js:359:20)
    at emitOne (events.js:96:13)
    at Socket.emit (events.js:188:7)
    at readableAddChunk (_stream_readable.js:172:18)
    at Socket.Readable.push (_stream_readable.js:130:10)
    at TCP.onread (net.js:542:20) statusCode: 412 }
resubscribing to sid uuid:RINCON_5CAAFD02154E01400_sub0000000868 failed { Error: Precondition Failed
    at ClientRequest.http.request (/Users/johan/goosebuster/sonosifttt/node_modules/sonos-discovery/lib/helpers/request.js:22:21)
    at ClientRequest.g (events.js:286:16)
    at emitOne (events.js:96:13)
    at ClientRequest.emit (events.js:188:7)
    at HTTPParser.parserOnIncomingClient [as onIncoming] (_http_client.js:469:21)
    at HTTPParser.parserOnHeadersComplete (_http_common.js:105:23)
    at Socket.socketOnData (_http_client.js:359:20)
    at emitOne (events.js:96:13)
    at Socket.emit (events.js:188:7)
    at readableAddChunk (_stream_readable.js:172:18)
    at Socket.Readable.push (_stream_readable.js:130:10)
    at TCP.onread (net.js:542:20) statusCode: 412 }
resubscribing to sid uuid:RINCON_000E58A2DCF601400_sub0000000855 failed { Error: Precondition Failed
    at ClientRequest.http.request (/Users/johan/goosebuster/sonosifttt/node_modules/sonos-discovery/lib/helpers/request.js:22:21)
    at ClientRequest.g (events.js:286:16)
    at emitOne (events.js:96:13)
    at ClientRequest.emit (events.js:188:7)
    at HTTPParser.parserOnIncomingClient [as onIncoming] (_http_client.js:469:21)
    at HTTPParser.parserOnHeadersComplete (_http_common.js:105:23)
    at Socket.socketOnData (_http_client.js:359:20)
    at emitOne (events.js:96:13)
    at Socket.emit (events.js:188:7)
    at readableAddChunk (_stream_readable.js:172:18)
    at Socket.Readable.push (_stream_readable.js:130:10)
    at TCP.onread (net.js:542:20) statusCode: 412 }
resubscribing to sid uuid:RINCON_5CAAFD02154E01400_sub0000000869 failed { Error: Precondition Failed
    at ClientRequest.http.request (/Users/johan/goosebuster/sonosifttt/node_modules/sonos-discovery/lib/helpers/request.js:22:21)
    at ClientRequest.g (events.js:286:16)
    at emitOne (events.js:96:13)
    at ClientRequest.emit (events.js:188:7)
    at HTTPParser.parserOnIncomingClient [as onIncoming] (_http_client.js:469:21)
    at HTTPParser.parserOnHeadersComplete (_http_common.js:105:23)
    at Socket.socketOnData (_http_client.js:359:20)
    at emitOne (events.js:96:13)
    at Socket.emit (events.js:188:7)
    at readableAddChunk (_stream_readable.js:172:18)
    at Socket.Readable.push (_stream_readable.js:130:10)
    at TCP.onread (net.js:542:20) statusCode: 412 }
resubscribing to sid uuid:RINCON_000E58A2DCF601400_sub0000000856 failed { Error: Precondition Failed
    at ClientRequest.http.request (/Users/johan/goosebuster/sonosifttt/node_modules/sonos-discovery/lib/helpers/request.js:22:21)
    at ClientRequest.g (events.js:286:16)
    at emitOne (events.js:96:13)
    at ClientRequest.emit (events.js:188:7)
    at HTTPParser.parserOnIncomingClient [as onIncoming] (_http_client.js:469:21)
    at HTTPParser.parserOnHeadersComplete (_http_common.js:105:23)
    at Socket.socketOnData (_http_client.js:359:20)
    at emitOne (events.js:96:13)
    at Socket.emit (events.js:188:7)
    at readableAddChunk (_stream_readable.js:172:18)
    at Socket.Readable.push (_stream_readable.js:130:10)
    at TCP.onread (net.js:542:20) statusCode: 412 }
resubscribing to sid uuid:RINCON_000E58F3F3F001400_sub0000000643 failed { Error: Precondition Failed
    at ClientRequest.http.request (/Users/johan/goosebuster/sonosifttt/node_modules/sonos-discovery/lib/helpers/request.js:22:21)
    at ClientRequest.g (events.js:286:16)
    at emitOne (events.js:96:13)
    at ClientRequest.emit (events.js:188:7)
    at HTTPParser.parserOnIncomingClient [as onIncoming] (_http_client.js:469:21)
    at HTTPParser.parserOnHeadersComplete (_http_common.js:105:23)
    at Socket.socketOnData (_http_client.js:359:20)
    at emitOne (events.js:96:13)
    at Socket.emit (events.js:188:7)
    at readableAddChunk (_stream_readable.js:172:18)
    at Socket.Readable.push (_stream_readable.js:130:10)
    at TCP.onread (net.js:542:20) statusCode: 412 }
resubscribing to sid uuid:RINCON_000E58F3F3F001400_sub0000000644 failed { Error: Precondition Failed
    at ClientRequest.http.request (/Users/johan/goosebuster/sonosifttt/node_modules/sonos-discovery/lib/helpers/request.js:22:21)
    at ClientRequest.g (events.js:286:16)
    at emitOne (events.js:96:13)
    at ClientRequest.emit (events.js:188:7)
    at HTTPParser.parserOnIncomingClient [as onIncoming] (_http_client.js:469:21)
    at HTTPParser.parserOnHeadersComplete (_http_common.js:105:23)
    at Socket.socketOnData (_http_client.js:359:20)
    at emitOne (events.js:96:13)
    at Socket.emit (events.js:188:7)
    at readableAddChunk (_stream_readable.js:172:18)
    at Socket.Readable.push (_stream_readable.js:130:10)
    at TCP.onread (net.js:542:20) statusCode: 412 }
resubscribing to sid uuid:RINCON_000E58A2DCF601400_sub0000000857 failed { Error: Precondition Failed
    at ClientRequest.http.request (/Users/johan/goosebuster/sonosifttt/node_modules/sonos-discovery/lib/helpers/request.js:22:21)
    at ClientRequest.g (events.js:286:16)
    at emitOne (events.js:96:13)
    at ClientRequest.emit (events.js:188:7)
    at HTTPParser.parserOnIncomingClient [as onIncoming] (_http_client.js:469:21)
    at HTTPParser.parserOnHeadersComplete (_http_common.js:105:23)
    at Socket.socketOnData (_http_client.js:359:20)
    at emitOne (events.js:96:13)
    at Socket.emit (events.js:188:7)
    at readableAddChunk (_stream_readable.js:172:18)
    at Socket.Readable.push (_stream_readable.js:130:10)
    at TCP.onread (net.js:542:20) statusCode: 412 }
resubscribing to sid uuid:RINCON_5CAAFD02154E01400_sub0000000870 failed { Error: Precondition Failed
    at ClientRequest.http.request (/Users/johan/goosebuster/sonosifttt/node_modules/sonos-discovery/lib/helpers/request.js:22:21)
    at ClientRequest.g (events.js:286:16)
    at emitOne (events.js:96:13)
    at ClientRequest.emit (events.js:188:7)
    at HTTPParser.parserOnIncomingClient [as onIncoming] (_http_client.js:469:21)
    at HTTPParser.parserOnHeadersComplete (_http_common.js:105:23)
    at Socket.socketOnData (_http_client.js:359:20)
    at emitOne (events.js:96:13)
    at Socket.emit (events.js:188:7)
    at readableAddChunk (_stream_readable.js:172:18)
    at Socket.Readable.push (_stream_readable.js:130:10)
    at TCP.onread (net.js:542:20) statusCode: 412 }
resubscribing to sid uuid:RINCON_000E58F3F3F001400_sub0000000645 failed { Error: Precondition Failed
    at ClientRequest.http.request (/Users/johan/goosebuster/sonosifttt/node_modules/sonos-discovery/lib/helpers/request.js:22:21)
    at ClientRequest.g (events.js:286:16)
    at emitOne (events.js:96:13)
    at ClientRequest.emit (events.js:188:7)
    at HTTPParser.parserOnIncomingClient [as onIncoming] (_http_client.js:469:21)
    at HTTPParser.parserOnHeadersComplete (_http_common.js:105:23)
    at Socket.socketOnData (_http_client.js:359:20)
    at emitOne (events.js:96:13)
    at Socket.emit (events.js:188:7)
    at readableAddChunk (_stream_readable.js:172:18)
    at Socket.Readable.push (_stream_readable.js:130:10)
    at TCP.onread (net.js:542:20) statusCode: 412 }
resubscribing to sid uuid:RINCON_5CAAFD02154E01400_sub0000000872 failed { Error: Precondition Failed
    at ClientRequest.http.request (/Users/johan/goosebuster/sonosifttt/node_modules/sonos-discovery/lib/helpers/request.js:22:21)
    at ClientRequest.g (events.js:286:16)
    at emitOne (events.js:96:13)
    at ClientRequest.emit (events.js:188:7)
    at HTTPParser.parserOnIncomingClient [as onIncoming] (_http_client.js:469:21)
    at HTTPParser.parserOnHeadersComplete (_http_common.js:105:23)
    at Socket.socketOnData (_http_client.js:359:20)
    at emitOne (events.js:96:13)
    at Socket.emit (events.js:188:7)
    at readableAddChunk (_stream_readable.js:172:18)
    at Socket.Readable.push (_stream_readable.js:130:10)
    at TCP.onread (net.js:542:20) statusCode: 412 }
resubscribing to sid uuid:RINCON_5CAAFD02154E01400_sub0000000871 failed { Error: Precondition Failed
    at ClientRequest.http.request (/Users/johan/goosebuster/sonosifttt/node_modules/sonos-discovery/lib/helpers/request.js:22:21)
    at ClientRequest.g (events.js:286:16)
    at emitOne (events.js:96:13)
    at ClientRequest.emit (events.js:188:7)
    at HTTPParser.parserOnIncomingClient [as onIncoming] (_http_client.js:469:21)
    at HTTPParser.parserOnHeadersComplete (_http_common.js:105:23)
    at Socket.socketOnData (_http_client.js:359:20)
    at emitOne (events.js:96:13)
    at Socket.emit (events.js:188:7)
    at readableAddChunk (_stream_readable.js:172:18)
    at Socket.Readable.push (_stream_readable.js:130:10)
    at TCP.onread (net.js:542:20) statusCode: 412 }
resubscribing to sid uuid:RINCON_000E58A2DCF601400_sub0000000858 failed { Error: Precondition Failed
    at ClientRequest.http.request (/Users/johan/goosebuster/sonosifttt/node_modules/sonos-discovery/lib/helpers/request.js:22:21)
    at ClientRequest.g (events.js:286:16)
    at emitOne (events.js:96:13)
    at ClientRequest.emit (events.js:188:7)
    at HTTPParser.parserOnIncomingClient [as onIncoming] (_http_client.js:469:21)
    at HTTPParser.parserOnHeadersComplete (_http_common.js:105:23)
    at Socket.socketOnData (_http_client.js:359:20)
    at emitOne (events.js:96:13)
    at Socket.emit (events.js:188:7)
    at readableAddChunk (_stream_readable.js:172:18)
    at Socket.Readable.push (_stream_readable.js:130:10)
    at TCP.onread (net.js:542:20) statusCode: 412 }
resubscribing to sid uuid:RINCON_5CAAFD02154E01400_sub0000000873 failed { Error: Precondition Failed
    at ClientRequest.http.request (/Users/johan/goosebuster/sonosifttt/node_modules/sonos-discovery/lib/helpers/request.js:22:21)
    at ClientRequest.g (events.js:286:16)
    at emitOne (events.js:96:13)
    at ClientRequest.emit (events.js:188:7)
    at HTTPParser.parserOnIncomingClient [as onIncoming] (_http_client.js:469:21)
    at HTTPParser.parserOnHeadersComplete (_http_common.js:105:23)
    at Socket.socketOnData (_http_client.js:359:20)
    at emitOne (events.js:96:13)
    at Socket.emit (events.js:188:7)
    at readableAddChunk (_stream_readable.js:172:18)
    at Socket.Readable.push (_stream_readable.js:130:10)
    at TCP.onread (net.js:542:20) statusCode: 412 }
resubscribing to sid uuid:RINCON_000E58A2DCF601400_sub0000000859 failed { Error: Precondition Failed
    at ClientRequest.http.request (/Users/johan/goosebuster/sonosifttt/node_modules/sonos-discovery/lib/helpers/request.js:22:21)
    at ClientRequest.g (events.js:286:16)
    at emitOne (events.js:96:13)
    at ClientRequest.emit (events.js:188:7)
    at HTTPParser.parserOnIncomingClient [as onIncoming] (_http_client.js:469:21)
    at HTTPParser.parserOnHeadersComplete (_http_common.js:105:23)
    at Socket.socketOnData (_http_client.js:359:20)
    at emitOne (events.js:96:13)
    at Socket.emit (events.js:188:7)
    at readableAddChunk (_stream_readable.js:172:18)
    at Socket.Readable.push (_stream_readable.js:130:10)
    at TCP.onread (net.js:542:20) statusCode: 412 }
resubscribing to sid uuid:RINCON_000E58F3F3F001400_sub0000000646 failed { Error: Precondition Failed
    at ClientRequest.http.request (/Users/johan/goosebuster/sonosifttt/node_modules/sonos-discovery/lib/helpers/request.js:22:21)
    at ClientRequest.g (events.js:286:16)
    at emitOne (events.js:96:13)
    at ClientRequest.emit (events.js:188:7)
    at HTTPParser.parserOnIncomingClient [as onIncoming] (_http_client.js:469:21)
    at HTTPParser.parserOnHeadersComplete (_http_common.js:105:23)
    at Socket.socketOnData (_http_client.js:359:20)
    at emitOne (events.js:96:13)
    at Socket.emit (events.js:188:7)
    at readableAddChunk (_stream_readable.js:172:18)
    at Socket.Readable.push (_stream_readable.js:130:10)
    at TCP.onread (net.js:542:20) statusCode: 412 }
resubscribing to sid uuid:RINCON_000E58F3F3F001400_sub0000000647 failed { Error: Precondition Failed
    at ClientRequest.http.request (/Users/johan/goosebuster/sonosifttt/node_modules/sonos-discovery/lib/helpers/request.js:22:21)
    at ClientRequest.g (events.js:286:16)
    at emitOne (events.js:96:13)
    at ClientRequest.emit (events.js:188:7)
    at HTTPParser.parserOnIncomingClient [as onIncoming] (_http_client.js:469:21)
    at HTTPParser.parserOnHeadersComplete (_http_common.js:105:23)
    at Socket.socketOnData (_http_client.js:359:20)
    at emitOne (events.js:96:13)
    at Socket.emit (events.js:188:7)
    at readableAddChunk (_stream_readable.js:172:18)
    at Socket.Readable.push (_stream_readable.js:130:10)
    at TCP.onread (net.js:542:20) statusCode: 412 }
resubscribing to sid uuid:RINCON_000E58A2DCF601400_sub0000000860 failed { Error: Precondition Failed
    at ClientRequest.http.request (/Users/johan/goosebuster/sonosifttt/node_modules/sonos-discovery/lib/helpers/request.js:22:21)
    at ClientRequest.g (events.js:286:16)
    at emitOne (events.js:96:13)
    at ClientRequest.emit (events.js:188:7)
    at HTTPParser.parserOnIncomingClient [as onIncoming] (_http_client.js:469:21)
    at HTTPParser.parserOnHeadersComplete (_http_common.js:105:23)
    at Socket.socketOnData (_http_client.js:359:20)
    at emitOne (events.js:96:13)
    at Socket.emit (events.js:188:7)
    at readableAddChunk (_stream_readable.js:172:18)
    at Socket.Readable.push (_stream_readable.js:130:10)
    at TCP.onread (net.js:542:20) statusCode: 412 }
resubscribing to sid uuid:RINCON_5CAAFD02154E01400_sub0000000874 failed { Error: Precondition Failed
    at ClientRequest.http.request (/Users/johan/goosebuster/sonosifttt/node_modules/sonos-discovery/lib/helpers/request.js:22:21)
    at ClientRequest.g (events.js:286:16)
    at emitOne (events.js:96:13)
    at ClientRequest.emit (events.js:188:7)
    at HTTPParser.parserOnIncomingClient [as onIncoming] (_http_client.js:469:21)
    at HTTPParser.parserOnHeadersComplete (_http_common.js:105:23)
    at Socket.socketOnData (_http_client.js:359:20)
    at emitOne (events.js:96:13)
    at Socket.emit (events.js:188:7)
    at readableAddChunk (_stream_readable.js:172:18)
    at Socket.Readable.push (_stream_readable.js:130:10)
    at TCP.onread (net.js:542:20) statusCode: 412 }
resubscribing to sid uuid:RINCON_000E58F3F3F001400_sub0000000648 failed { Error: Precondition Failed
    at ClientRequest.http.request (/Users/johan/goosebuster/sonosifttt/node_modules/sonos-discovery/lib/helpers/request.js:22:21)
    at ClientRequest.g (events.js:286:16)
    at emitOne (events.js:96:13)
    at ClientRequest.emit (events.js:188:7)
    at HTTPParser.parserOnIncomingClient [as onIncoming] (_http_client.js:469:21)
    at HTTPParser.parserOnHeadersComplete (_http_common.js:105:23)
    at Socket.socketOnData (_http_client.js:359:20)
    at emitOne (events.js:96:13)
    at Socket.emit (events.js:188:7)
    at readableAddChunk (_stream_readable.js:172:18)
    at Socket.Readable.push (_stream_readable.js:130:10)
    at TCP.onread (net.js:542:20) statusCode: 412 }
resubscribing to sid uuid:RINCON_5CAAFD02154E01400_sub0000000875 failed { Error: Precondition Failed
    at ClientRequest.http.request (/Users/johan/goosebuster/sonosifttt/node_modules/sonos-discovery/lib/helpers/request.js:22:21)
    at ClientRequest.g (events.js:286:16)
    at emitOne (events.js:96:13)
    at ClientRequest.emit (events.js:188:7)
    at HTTPParser.parserOnIncomingClient [as onIncoming] (_http_client.js:469:21)
    at HTTPParser.parserOnHeadersComplete (_http_common.js:105:23)
    at Socket.socketOnData (_http_client.js:359:20)
    at emitOne (events.js:96:13)
    at Socket.emit (events.js:188:7)
    at readableAddChunk (_stream_readable.js:172:18)
    at Socket.Readable.push (_stream_readable.js:130:10)
    at TCP.onread (net.js:542:20) statusCode: 412 }
resubscribing to sid uuid:RINCON_5CAAFD02154E01400_sub0000000876 failed { Error: Precondition Failed
    at ClientRequest.http.request (/Users/johan/goosebuster/sonosifttt/node_modules/sonos-discovery/lib/helpers/request.js:22:21)
    at ClientRequest.g (events.js:286:16)
    at emitOne (events.js:96:13)
    at ClientRequest.emit (events.js:188:7)
    at HTTPParser.parserOnIncomingClient [as onIncoming] (_http_client.js:469:21)
    at HTTPParser.parserOnHeadersComplete (_http_common.js:105:23)
    at Socket.socketOnData (_http_client.js:359:20)
    at emitOne (events.js:96:13)
    at Socket.emit (events.js:188:7)
    at readableAddChunk (_stream_readable.js:172:18)
    at Socket.Readable.push (_stream_readable.js:130:10)
    at TCP.onread (net.js:542:20) statusCode: 412 }
resubscribing to sid uuid:RINCON_000E58A2DCF601400_sub0000000862 failed { Error: Precondition Failed
    at ClientRequest.http.request (/Users/johan/goosebuster/sonosifttt/node_modules/sonos-discovery/lib/helpers/request.js:22:21)
    at ClientRequest.g (events.js:286:16)
    at emitOne (events.js:96:13)
    at ClientRequest.emit (events.js:188:7)
    at HTTPParser.parserOnIncomingClient [as onIncoming] (_http_client.js:469:21)
    at HTTPParser.parserOnHeadersComplete (_http_common.js:105:23)
    at Socket.socketOnData (_http_client.js:359:20)
    at emitOne (events.js:96:13)
    at Socket.emit (events.js:188:7)
    at readableAddChunk (_stream_readable.js:172:18)
    at Socket.Readable.push (_stream_readable.js:130:10)
    at TCP.onread (net.js:542:20) statusCode: 412 }
resubscribing to sid uuid:RINCON_5CAAFD02154E01400_sub0000000877 failed { Error: Precondition Failed
    at ClientRequest.http.request (/Users/johan/goosebuster/sonosifttt/node_modules/sonos-discovery/lib/helpers/request.js:22:21)
    at ClientRequest.g (events.js:286:16)
    at emitOne (events.js:96:13)
    at ClientRequest.emit (events.js:188:7)
    at HTTPParser.parserOnIncomingClient [as onIncoming] (_http_client.js:469:21)
    at HTTPParser.parserOnHeadersComplete (_http_common.js:105:23)
    at Socket.socketOnData (_http_client.js:359:20)
    at emitOne (events.js:96:13)
    at Socket.emit (events.js:188:7)
    at readableAddChunk (_stream_readable.js:172:18)
    at Socket.Readable.push (_stream_readable.js:130:10)
    at TCP.onread (net.js:542:20) statusCode: 412 }
resubscribing to sid uuid:RINCON_000E58A2DCF601400_sub0000000861 failed { Error: Precondition Failed
    at ClientRequest.http.request (/Users/johan/goosebuster/sonosifttt/node_modules/sonos-discovery/lib/helpers/request.js:22:21)
    at ClientRequest.g (events.js:286:16)
    at emitOne (events.js:96:13)
    at ClientRequest.emit (events.js:188:7)
    at HTTPParser.parserOnIncomingClient [as onIncoming] (_http_client.js:469:21)
    at HTTPParser.parserOnHeadersComplete (_http_common.js:105:23)
    at Socket.socketOnData (_http_client.js:359:20)
    at emitOne (events.js:96:13)
    at Socket.emit (events.js:188:7)
    at readableAddChunk (_stream_readable.js:172:18)
    at Socket.Readable.push (_stream_readable.js:130:10)
    at TCP.onread (net.js:542:20) statusCode: 412 }
resubscribing to sid uuid:RINCON_000E58F3F3F001400_sub0000000650 failed { Error: Precondition Failed
    at ClientRequest.http.request (/Users/johan/goosebuster/sonosifttt/node_modules/sonos-discovery/lib/helpers/request.js:22:21)
    at ClientRequest.g (events.js:286:16)
    at emitOne (events.js:96:13)
    at ClientRequest.emit (events.js:188:7)
    at HTTPParser.parserOnIncomingClient [as onIncoming] (_http_client.js:469:21)
    at HTTPParser.parserOnHeadersComplete (_http_common.js:105:23)
    at Socket.socketOnData (_http_client.js:359:20)
    at emitOne (events.js:96:13)
    at Socket.emit (events.js:188:7)
    at readableAddChunk (_stream_readable.js:172:18)
    at Socket.Readable.push (_stream_readable.js:130:10)
    at TCP.onread (net.js:542:20) statusCode: 412 }
resubscribing to sid uuid:RINCON_000E58F3F3F001400_sub0000000649 failed { Error: Precondition Failed
    at ClientRequest.http.request (/Users/johan/goosebuster/sonosifttt/node_modules/sonos-discovery/lib/helpers/request.js:22:21)
    at ClientRequest.g (events.js:286:16)
    at emitOne (events.js:96:13)
    at ClientRequest.emit (events.js:188:7)
    at HTTPParser.parserOnIncomingClient [as onIncoming] (_http_client.js:469:21)
    at HTTPParser.parserOnHeadersComplete (_http_common.js:105:23)
    at Socket.socketOnData (_http_client.js:359:20)
    at emitOne (events.js:96:13)
    at Socket.emit (events.js:188:7)
    at readableAddChunk (_stream_readable.js:172:18)
    at Socket.Readable.push (_stream_readable.js:130:10)
    at TCP.onread (net.js:542:20) statusCode: 412 }
resubscribing to sid uuid:RINCON_000E58A2DCF601400_sub0000000863 failed { Error: Precondition Failed
    at ClientRequest.http.request (/Users/johan/goosebuster/sonosifttt/node_modules/sonos-discovery/lib/helpers/request.js:22:21)
    at ClientRequest.g (events.js:286:16)
    at emitOne (events.js:96:13)
    at ClientRequest.emit (events.js:188:7)
    at HTTPParser.parserOnIncomingClient [as onIncoming] (_http_client.js:469:21)
    at HTTPParser.parserOnHeadersComplete (_http_common.js:105:23)
    at Socket.socketOnData (_http_client.js:359:20)
    at emitOne (events.js:96:13)
    at Socket.emit (events.js:188:7)
    at readableAddChunk (_stream_readable.js:172:18)
    at Socket.Readable.push (_stream_readable.js:130:10)
    at TCP.onread (net.js:542:20) statusCode: 412 }
resubscribing to sid uuid:RINCON_5CAAFD02154E01400_sub0000000878 failed { Error: Precondition Failed
    at ClientRequest.http.request (/Users/johan/goosebuster/sonosifttt/node_modules/sonos-discovery/lib/helpers/request.js:22:21)
    at ClientRequest.g (events.js:286:16)
    at emitOne (events.js:96:13)
    at ClientRequest.emit (events.js:188:7)
    at HTTPParser.parserOnIncomingClient [as onIncoming] (_http_client.js:469:21)
    at HTTPParser.parserOnHeadersComplete (_http_common.js:105:23)
    at Socket.socketOnData (_http_client.js:359:20)
    at emitOne (events.js:96:13)
    at Socket.emit (events.js:188:7)
    at readableAddChunk (_stream_readable.js:172:18)
    at Socket.Readable.push (_stream_readable.js:130:10)
    at TCP.onread (net.js:542:20) statusCode: 412 }
resubscribing to sid uuid:RINCON_000E58F3F3F001400_sub0000000651 failed { Error: Precondition Failed
    at ClientRequest.http.request (/Users/johan/goosebuster/sonosifttt/node_modules/sonos-discovery/lib/helpers/request.js:22:21)
    at ClientRequest.g (events.js:286:16)
    at emitOne (events.js:96:13)
    at ClientRequest.emit (events.js:188:7)
    at HTTPParser.parserOnIncomingClient [as onIncoming] (_http_client.js:469:21)
    at HTTPParser.parserOnHeadersComplete (_http_common.js:105:23)
    at Socket.socketOnData (_http_client.js:359:20)
    at emitOne (events.js:96:13)
    at Socket.emit (events.js:188:7)
    at readableAddChunk (_stream_readable.js:172:18)
    at Socket.Readable.push (_stream_readable.js:130:10)
    at TCP.onread (net.js:542:20) statusCode: 412 }
resubscribing to sid uuid:RINCON_5CAAFD02154E01400_sub0000000879 failed { Error: Precondition Failed
    at ClientRequest.http.request (/Users/johan/goosebuster/sonosifttt/node_modules/sonos-discovery/lib/helpers/request.js:22:21)
    at ClientRequest.g (events.js:286:16)
    at emitOne (events.js:96:13)
    at ClientRequest.emit (events.js:188:7)
    at HTTPParser.parserOnIncomingClient [as onIncoming] (_http_client.js:469:21)
    at HTTPParser.parserOnHeadersComplete (_http_common.js:105:23)
    at Socket.socketOnData (_http_client.js:359:20)
    at emitOne (events.js:96:13)
    at Socket.emit (events.js:188:7)
    at readableAddChunk (_stream_readable.js:172:18)
    at Socket.Readable.push (_stream_readable.js:130:10)
    at TCP.onread (net.js:542:20) statusCode: 412 }
resubscribing to sid uuid:RINCON_5CAAFD02154E01400_sub0000000880 failed { Error: Precondition Failed
    at ClientRequest.http.request (/Users/johan/goosebuster/sonosifttt/node_modules/sonos-discovery/lib/helpers/request.js:22:21)
    at ClientRequest.g (events.js:286:16)
    at emitOne (events.js:96:13)
    at ClientRequest.emit (events.js:188:7)
    at HTTPParser.parserOnIncomingClient [as onIncoming] (_http_client.js:469:21)
    at HTTPParser.parserOnHeadersComplete (_http_common.js:105:23)
    at Socket.socketOnData (_http_client.js:359:20)
    at emitOne (events.js:96:13)
    at Socket.emit (events.js:188:7)
    at readableAddChunk (_stream_readable.js:172:18)
    at Socket.Readable.push (_stream_readable.js:130:10)
    at TCP.onread (net.js:542:20) statusCode: 412 }
resubscribing to sid uuid:RINCON_000E58A2DCF601400_sub0000000864 failed { Error: Precondition Failed
    at ClientRequest.http.request (/Users/johan/goosebuster/sonosifttt/node_modules/sonos-discovery/lib/helpers/request.js:22:21)
    at ClientRequest.g (events.js:286:16)
    at emitOne (events.js:96:13)
    at ClientRequest.emit (events.js:188:7)
    at HTTPParser.parserOnIncomingClient [as onIncoming] (_http_client.js:469:21)
    at HTTPParser.parserOnHeadersComplete (_http_common.js:105:23)
    at Socket.socketOnData (_http_client.js:359:20)
    at emitOne (events.js:96:13)
    at Socket.emit (events.js:188:7)
    at readableAddChunk (_stream_readable.js:172:18)
    at Socket.Readable.push (_stream_readable.js:130:10)
    at TCP.onread (net.js:542:20) statusCode: 412 }
resubscribing to sid uuid:RINCON_000E58A2DCF601400_sub0000000865 failed { Error: Precondition Failed
    at ClientRequest.http.request (/Users/johan/goosebuster/sonosifttt/node_modules/sonos-discovery/lib/helpers/request.js:22:21)
    at ClientRequest.g (events.js:286:16)
    at emitOne (events.js:96:13)
    at ClientRequest.emit (events.js:188:7)
    at HTTPParser.parserOnIncomingClient [as onIncoming] (_http_client.js:469:21)
    at HTTPParser.parserOnHeadersComplete (_http_common.js:105:23)
    at Socket.socketOnData (_http_client.js:359:20)
    at emitOne (events.js:96:13)
    at Socket.emit (events.js:188:7)
    at readableAddChunk (_stream_readable.js:172:18)
    at Socket.Readable.push (_stream_readable.js:130:10)
    at TCP.onread (net.js:542:20) statusCode: 412 }
resubscribing to sid uuid:RINCON_5CAAFD02154E01400_sub0000000881 failed { Error: Precondition Failed
    at ClientRequest.http.request (/Users/johan/goosebuster/sonosifttt/node_modules/sonos-discovery/lib/helpers/request.js:22:21)
    at ClientRequest.g (events.js:286:16)
    at emitOne (events.js:96:13)
    at ClientRequest.emit (events.js:188:7)
    at HTTPParser.parserOnIncomingClient [as onIncoming] (_http_client.js:469:21)
    at HTTPParser.parserOnHeadersComplete (_http_common.js:105:23)
    at Socket.socketOnData (_http_client.js:359:20)
    at emitOne (events.js:96:13)
    at Socket.emit (events.js:188:7)
    at readableAddChunk (_stream_readable.js:172:18)
    at Socket.Readable.push (_stream_readable.js:130:10)
    at TCP.onread (net.js:542:20) statusCode: 412 }
resubscribing to sid uuid:RINCON_000E58F3F3F001400_sub0000000653 failed { Error: Precondition Failed
    at ClientRequest.http.request (/Users/johan/goosebuster/sonosifttt/node_modules/sonos-discovery/lib/helpers/request.js:22:21)
    at ClientRequest.g (events.js:286:16)
    at emitOne (events.js:96:13)
    at ClientRequest.emit (events.js:188:7)
    at HTTPParser.parserOnIncomingClient [as onIncoming] (_http_client.js:469:21)
    at HTTPParser.parserOnHeadersComplete (_http_common.js:105:23)
    at Socket.socketOnData (_http_client.js:359:20)
    at emitOne (events.js:96:13)
    at Socket.emit (events.js:188:7)
    at readableAddChunk (_stream_readable.js:172:18)
    at Socket.Readable.push (_stream_readable.js:130:10)
    at TCP.onread (net.js:542:20) statusCode: 412 }
resubscribing to sid uuid:RINCON_000E58F3F3F001400_sub0000000652 failed { Error: Precondition Failed
    at ClientRequest.http.request (/Users/johan/goosebuster/sonosifttt/node_modules/sonos-discovery/lib/helpers/request.js:22:21)
    at ClientRequest.g (events.js:286:16)
    at emitOne (events.js:96:13)
    at ClientRequest.emit (events.js:188:7)
    at HTTPParser.parserOnIncomingClient [as onIncoming] (_http_client.js:469:21)
    at HTTPParser.parserOnHeadersComplete (_http_common.js:105:23)
    at Socket.socketOnData (_http_client.js:359:20)
    at emitOne (events.js:96:13)
    at Socket.emit (events.js:188:7)
    at readableAddChunk (_stream_readable.js:172:18)
    at Socket.Readable.push (_stream_readable.js:130:10)
    at TCP.onread (net.js:542:20) statusCode: 412 }
